{"/home/josh/IdeaProjects/event-Registration-System/frontend/src/App.tsx": {"path":"/home/josh/IdeaProjects/event-Registration-System/frontend/src/App.tsx","statementMap":{"0":{"start":{"line":1,"column":0},"end":{"line":1,"column":18}},"1":{"start":{"line":2,"column":0},"end":{"line":2,"column":47}},"2":{"start":{"line":3,"column":0},"end":{"line":3,"column":37}},"3":{"start":{"line":5,"column":2},"end":{"line":15,"column":null}},"4":{"start":{"line":18,"column":0},"end":{"line":18,"column":null}}},"fnMap":{"0":{"name":"App","decl":{"start":{"line":4,"column":9},"end":{"line":4,"column":12}},"loc":{"start":{"line":4,"column":12},"end":{"line":16,"column":1}}}},"branchMap":{},"s":{"0":0,"1":0,"2":0,"3":0,"4":0},"f":{"0":0},"b":{}}
,"/home/josh/IdeaProjects/event-Registration-System/frontend/src/router.tsx": {"path":"/home/josh/IdeaProjects/event-Registration-System/frontend/src/router.tsx","statementMap":{"0":{"start":{"line":1,"column":0},"end":{"line":1,"column":50}},"1":{"start":{"line":2,"column":0},"end":{"line":2,"column":27}},"2":{"start":{"line":3,"column":0},"end":{"line":3,"column":47}},"3":{"start":{"line":4,"column":0},"end":{"line":4,"column":49}},"4":{"start":{"line":5,"column":0},"end":{"line":5,"column":45}},"5":{"start":{"line":6,"column":0},"end":{"line":6,"column":51}},"6":{"start":{"line":7,"column":0},"end":{"line":7,"column":47}},"7":{"start":{"line":8,"column":0},"end":{"line":8,"column":57}},"8":{"start":{"line":9,"column":0},"end":{"line":9,"column":60}},"9":{"start":{"line":10,"column":0},"end":{"line":10,"column":70}},"10":{"start":{"line":11,"column":0},"end":{"line":11,"column":64}},"11":{"start":{"line":12,"column":0},"end":{"line":12,"column":76}},"12":{"start":{"line":13,"column":0},"end":{"line":13,"column":67}},"13":{"start":{"line":14,"column":0},"end":{"line":14,"column":73}},"14":{"start":{"line":15,"column":0},"end":{"line":15,"column":75}},"15":{"start":{"line":16,"column":0},"end":{"line":16,"column":67}},"16":{"start":{"line":17,"column":0},"end":{"line":17,"column":73}},"17":{"start":{"line":18,"column":0},"end":{"line":18,"column":55}},"18":{"start":{"line":19,"column":0},"end":{"line":19,"column":69}},"19":{"start":{"line":20,"column":0},"end":{"line":20,"column":61}},"20":{"start":{"line":21,"column":0},"end":{"line":21,"column":63}},"21":{"start":{"line":22,"column":0},"end":{"line":22,"column":77}},"22":{"start":{"line":23,"column":0},"end":{"line":23,"column":63}},"23":{"start":{"line":24,"column":0},"end":{"line":24,"column":57}},"24":{"start":{"line":25,"column":0},"end":{"line":25,"column":59}},"25":{"start":{"line":26,"column":0},"end":{"line":26,"column":45}},"26":{"start":{"line":28,"column":13},"end":{"line":123,"column":null}},"27":{"start":{"line":125,"column":13},"end":{"line":125,"column":null}}},"fnMap":{},"branchMap":{},"s":{"0":0,"1":0,"2":0,"3":0,"4":0,"5":0,"6":0,"7":0,"8":0,"9":0,"10":0,"11":0,"12":0,"13":0,"14":0,"15":0,"16":0,"17":0,"18":0,"19":0,"20":0,"21":0,"22":0,"23":0,"24":0,"25":0,"26":0,"27":0},"f":{},"b":{}}
,"/home/josh/IdeaProjects/event-Registration-System/frontend/src/Components/EventCard.tsx": {"path":"/home/josh/IdeaProjects/event-Registration-System/frontend/src/Components/EventCard.tsx","statementMap":{"0":{"start":{"line":38,"column":0},"end":{"line":38,"column":16}},"1":{"start":{"line":2,"column":0},"end":{"line":2,"column":35}},"2":{"start":{"line":4,"column":0},"end":{"line":4,"column":25}},"3":{"start":{"line":6,"column":46},"end":{"line":9,"column":null}},"4":{"start":{"line":11,"column":46},"end":{"line":14,"column":null}},"5":{"start":{"line":16,"column":19},"end":{"line":21,"column":1}},"6":{"start":{"line":17,"column":14},"end":{"line":17,"column":34}},"7":{"start":{"line":18,"column":2},"end":{"line":18,"column":null}},"8":{"start":{"line":18,"column":17},"end":{"line":18,"column":null}},"9":{"start":{"line":19,"column":2},"end":{"line":19,"column":null}},"10":{"start":{"line":19,"column":17},"end":{"line":19,"column":null}},"11":{"start":{"line":20,"column":2},"end":{"line":20,"column":null}},"12":{"start":{"line":24,"column":2},"end":{"line":30,"column":null}},"13":{"start":{"line":39,"column":19},"end":{"line":39,"column":74}},"14":{"start":{"line":41,"column":2},"end":{"line":86,"column":null}}},"fnMap":{"0":{"name":"(anonymous_1)","decl":{"start":{"line":16,"column":19},"end":{"line":16,"column":20}},"loc":{"start":{"line":16,"column":59},"end":{"line":21,"column":1}}},"1":{"name":"formatDate","decl":{"start":{"line":23,"column":9},"end":{"line":23,"column":19}},"loc":{"start":{"line":23,"column":31},"end":{"line":31,"column":1}}},"2":{"name":"EventCard","decl":{"start":{"line":38,"column":16},"end":{"line":38,"column":25}},"loc":{"start":{"line":38,"column":63},"end":{"line":87,"column":1}}}},"branchMap":{"0":{"loc":{"start":{"line":18,"column":2},"end":{"line":18,"column":null}},"type":"if","locations":[{"start":{"line":18,"column":2},"end":{"line":18,"column":null}},{"start":{},"end":{}}]},"1":{"loc":{"start":{"line":19,"column":2},"end":{"line":19,"column":null}},"type":"if","locations":[{"start":{"line":19,"column":2},"end":{"line":19,"column":null}},{"start":{},"end":{}}]},"2":{"loc":{"start":{"line":39,"column":19},"end":{"line":39,"column":74}},"type":"binary-expr","locations":[{"start":{"line":39,"column":19},"end":{"line":39,"column":44}},{"start":{"line":39,"column":48},"end":{"line":39,"column":74}}]},"3":{"loc":{"start":{"line":42,"column":139},"end":{"line":42,"column":183}},"type":"cond-expr","locations":[{"start":{"line":42,"column":150},"end":{"line":42,"column":178}},{"start":{"line":42,"column":181},"end":{"line":42,"column":183}}]},"4":{"loc":{"start":{"line":71,"column":17},"end":{"line":71,"column":69}},"type":"cond-expr","locations":[{"start":{"line":71,"column":40},"end":{"line":71,"column":46}},{"start":{"line":71,"column":49},"end":{"line":71,"column":69}}]},"5":{"loc":{"start":{"line":84,"column":7},"end":{"line":84,"column":61}},"type":"binary-expr","locations":[{"start":{"line":84,"column":7},"end":{"line":84,"column":17}},{"start":{"line":84,"column":21},"end":{"line":84,"column":61}}]}},"s":{"0":0,"1":0,"2":0,"3":0,"4":0,"5":0,"6":0,"7":0,"8":0,"9":0,"10":0,"11":0,"12":0,"13":0,"14":0},"f":{"0":0,"1":0,"2":0},"b":{"0":[0,0],"1":[0,0],"2":[0,0],"3":[0,0],"4":[0,0],"5":[0,0]}}
,"/home/josh/IdeaProjects/event-Registration-System/frontend/src/Components/Navbar.tsx": {"path":"/home/josh/IdeaProjects/event-Registration-System/frontend/src/Components/Navbar.tsx","statementMap":{"0":{"start":{"line":2,"column":0},"end":{"line":2,"column":57}},"1":{"start":{"line":3,"column":0},"end":{"line":3,"column":41}},"2":{"start":{"line":4,"column":0},"end":{"line":4,"column":49}},"3":{"start":{"line":11,"column":19},"end":{"line":11,"column":32}},"4":{"start":{"line":12,"column":54},"end":{"line":12,"column":63}},"5":{"start":{"line":14,"column":23},"end":{"line":17,"column":3}},"6":{"start":{"line":15,"column":4},"end":{"line":15,"column":null}},"7":{"start":{"line":16,"column":4},"end":{"line":16,"column":null}},"8":{"start":{"line":19,"column":22},"end":{"line":19,"column":null}},"9":{"start":{"line":20,"column":18},"end":{"line":20,"column":null}},"10":{"start":{"line":24,"column":24},"end":{"line":24,"column":106}},"11":{"start":{"line":26,"column":2},"end":{"line":113,"column":null}},"12":{"start":{"line":48,"column":14},"end":{"line":51,"column":25}},"13":{"start":{"line":62,"column":18},"end":{"line":65,"column":29}},"14":{"start":{"line":85,"column":18},"end":{"line":88,"column":29}},"15":{"start":{"line":96,"column":18},"end":{"line":101,"column":29}},"16":{"start":{"line":116,"column":0},"end":{"line":116,"column":null}}},"fnMap":{"0":{"name":"Navbar","decl":{"start":{"line":10,"column":9},"end":{"line":10,"column":15}},"loc":{"start":{"line":10,"column":52},"end":{"line":114,"column":1}}},"1":{"name":"(anonymous_1)","decl":{"start":{"line":14,"column":23},"end":{"line":14,"column":26}},"loc":{"start":{"line":14,"column":28},"end":{"line":17,"column":3}}},"2":{"name":"(anonymous_2)","decl":{"start":{"line":47,"column":23},"end":{"line":47,"column":24}},"loc":{"start":{"line":48,"column":14},"end":{"line":51,"column":25}}},"3":{"name":"(anonymous_3)","decl":{"start":{"line":61,"column":27},"end":{"line":61,"column":28}},"loc":{"start":{"line":62,"column":18},"end":{"line":65,"column":29}}},"4":{"name":"(anonymous_4)","decl":{"start":{"line":84,"column":27},"end":{"line":84,"column":28}},"loc":{"start":{"line":85,"column":18},"end":{"line":88,"column":29}}},"5":{"name":"(anonymous_5)","decl":{"start":{"line":95,"column":27},"end":{"line":95,"column":28}},"loc":{"start":{"line":96,"column":18},"end":{"line":101,"column":29}}}},"branchMap":{"0":{"loc":{"start":{"line":10,"column":18},"end":{"line":10,"column":37}},"type":"default-arg","locations":[{"start":{"line":10,"column":28},"end":{"line":10,"column":37}}]},"1":{"loc":{"start":{"line":19,"column":22},"end":{"line":19,"column":null}},"type":"binary-expr","locations":[{"start":{"line":19,"column":22},"end":{"line":19,"column":61}},{"start":{"line":19,"column":65},"end":{"line":19,"column":99}}]},"2":{"loc":{"start":{"line":19,"column":22},"end":{"line":19,"column":61}},"type":"cond-expr","locations":[{"start":{"line":19,"column":33},"end":{"line":19,"column":35}},{"start":{"line":19,"column":33},"end":{"line":19,"column":61}}]},"3":{"loc":{"start":{"line":19,"column":22},"end":{"line":19,"column":35}},"type":"binary-expr","locations":[{"start":{"line":19,"column":22},"end":{"line":19,"column":35}},{"start":{"line":19,"column":33},"end":{"line":19,"column":35}}]},"4":{"loc":{"start":{"line":19,"column":22},"end":{"line":19,"column":33}},"type":"cond-expr","locations":[{"start":{"line":19,"column":26},"end":{"line":19,"column":28}},{"start":{"line":19,"column":22},"end":{"line":19,"column":33}}]},"5":{"loc":{"start":{"line":19,"column":22},"end":{"line":19,"column":28}},"type":"binary-expr","locations":[{"start":{"line":19,"column":22},"end":{"line":19,"column":28}},{"start":{"line":19,"column":22},"end":{"line":19,"column":28}}]},"6":{"loc":{"start":{"line":19,"column":65},"end":{"line":19,"column":99}},"type":"cond-expr","locations":[{"start":{"line":19,"column":76},"end":{"line":19,"column":78}},{"start":{"line":19,"column":76},"end":{"line":19,"column":99}}]},"7":{"loc":{"start":{"line":19,"column":65},"end":{"line":19,"column":78}},"type":"binary-expr","locations":[{"start":{"line":19,"column":65},"end":{"line":19,"column":78}},{"start":{"line":19,"column":76},"end":{"line":19,"column":78}}]},"8":{"loc":{"start":{"line":19,"column":65},"end":{"line":19,"column":76}},"type":"cond-expr","locations":[{"start":{"line":19,"column":69},"end":{"line":19,"column":71}},{"start":{"line":19,"column":65},"end":{"line":19,"column":76}}]},"9":{"loc":{"start":{"line":19,"column":65},"end":{"line":19,"column":71}},"type":"binary-expr","locations":[{"start":{"line":19,"column":65},"end":{"line":19,"column":71}},{"start":{"line":19,"column":65},"end":{"line":19,"column":71}}]},"10":{"loc":{"start":{"line":20,"column":18},"end":{"line":20,"column":null}},"type":"binary-expr","locations":[{"start":{"line":20,"column":18},"end":{"line":20,"column":53}},{"start":{"line":20,"column":57},"end":{"line":20,"column":87}}]},"11":{"loc":{"start":{"line":20,"column":18},"end":{"line":20,"column":53}},"type":"cond-expr","locations":[{"start":{"line":20,"column":29},"end":{"line":20,"column":31}},{"start":{"line":20,"column":29},"end":{"line":20,"column":53}}]},"12":{"loc":{"start":{"line":20,"column":18},"end":{"line":20,"column":31}},"type":"binary-expr","locations":[{"start":{"line":20,"column":18},"end":{"line":20,"column":31}},{"start":{"line":20,"column":29},"end":{"line":20,"column":31}}]},"13":{"loc":{"start":{"line":20,"column":18},"end":{"line":20,"column":29}},"type":"cond-expr","locations":[{"start":{"line":20,"column":22},"end":{"line":20,"column":24}},{"start":{"line":20,"column":18},"end":{"line":20,"column":29}}]},"14":{"loc":{"start":{"line":20,"column":18},"end":{"line":20,"column":24}},"type":"binary-expr","locations":[{"start":{"line":20,"column":18},"end":{"line":20,"column":24}},{"start":{"line":20,"column":18},"end":{"line":20,"column":24}}]},"15":{"loc":{"start":{"line":20,"column":57},"end":{"line":20,"column":87}},"type":"cond-expr","locations":[{"start":{"line":20,"column":68},"end":{"line":20,"column":70}},{"start":{"line":20,"column":68},"end":{"line":20,"column":87}}]},"16":{"loc":{"start":{"line":20,"column":57},"end":{"line":20,"column":70}},"type":"binary-expr","locations":[{"start":{"line":20,"column":57},"end":{"line":20,"column":70}},{"start":{"line":20,"column":68},"end":{"line":20,"column":70}}]},"17":{"loc":{"start":{"line":20,"column":57},"end":{"line":20,"column":68}},"type":"cond-expr","locations":[{"start":{"line":20,"column":61},"end":{"line":20,"column":63}},{"start":{"line":20,"column":57},"end":{"line":20,"column":68}}]},"18":{"loc":{"start":{"line":20,"column":57},"end":{"line":20,"column":63}},"type":"binary-expr","locations":[{"start":{"line":20,"column":57},"end":{"line":20,"column":63}},{"start":{"line":20,"column":57},"end":{"line":20,"column":63}}]},"19":{"loc":{"start":{"line":24,"column":24},"end":{"line":24,"column":106}},"type":"cond-expr","locations":[{"start":{"line":24,"column":34},"end":{"line":24,"column":52}},{"start":{"line":24,"column":55},"end":{"line":24,"column":106}}]},"20":{"loc":{"start":{"line":24,"column":55},"end":{"line":24,"column":106}},"type":"cond-expr","locations":[{"start":{"line":24,"column":69},"end":{"line":24,"column":91}},{"start":{"line":24,"column":94},"end":{"line":24,"column":106}}]},"21":{"loc":{"start":{"line":29,"column":8},"end":{"line":29,"column":55}},"type":"cond-expr","locations":[{"start":{"line":29,"column":31},"end":{"line":29,"column":50}},{"start":{"line":29,"column":53},"end":{"line":29,"column":55}}]},"22":{"loc":{"start":{"line":50,"column":16},"end":{"line":50,"column":58}},"type":"cond-expr","locations":[{"start":{"line":50,"column":27},"end":{"line":50,"column":53}},{"start":{"line":50,"column":56},"end":{"line":50,"column":58}}]},"23":{"loc":{"start":{"line":57,"column":11},"end":{"line":106,"column":null}},"type":"cond-expr","locations":[{"start":{"line":58,"column":12},"end":{"line":78,"column":null}},{"start":{"line":81,"column":12},"end":{"line":105,"column":null}}]},"24":{"loc":{"start":{"line":64,"column":20},"end":{"line":64,"column":62}},"type":"cond-expr","locations":[{"start":{"line":64,"column":31},"end":{"line":64,"column":57}},{"start":{"line":64,"column":60},"end":{"line":64,"column":62}}]},"25":{"loc":{"start":{"line":87,"column":20},"end":{"line":87,"column":52}},"type":"cond-expr","locations":[{"start":{"line":87,"column":31},"end":{"line":87,"column":47}},{"start":{"line":87,"column":50},"end":{"line":87,"column":52}}]},"26":{"loc":{"start":{"line":98,"column":20},"end":{"line":100,"column":70}},"type":"cond-expr","locations":[{"start":{"line":99,"column":24},"end":{"line":99,"column":50}},{"start":{"line":100,"column":24},"end":{"line":100,"column":70}}]}},"s":{"0":1,"1":1,"2":1,"3":11,"4":11,"5":11,"6":1,"7":1,"8":11,"9":11,"10":11,"11":11,"12":11,"13":4,"14":7,"15":7,"16":1},"f":{"0":11,"1":1,"2":11,"3":4,"4":7,"5":7},"b":{"0":[9],"1":[11,11],"2":[7,4],"3":[11,11],"4":[7,4],"5":[11,4],"6":[7,4],"7":[11,11],"8":[7,4],"9":[11,4],"10":[11,10],"11":[7,4],"12":[11,11],"13":[7,4],"14":[11,4],"15":[7,3],"16":[10,10],"17":[7,3],"18":[10,3],"19":[1,10],"20":[0,10],"21":[1,10],"22":[0,11],"23":[4,7],"24":[0,4],"25":[0,7],"26":[0,7]}}
,"/home/josh/IdeaProjects/event-Registration-System/frontend/src/Components/ProtectedRoute.tsx": {"path":"/home/josh/IdeaProjects/event-Registration-System/frontend/src/Components/ProtectedRoute.tsx","statementMap":{"0":{"start":{"line":1,"column":0},"end":{"line":1,"column":47}},"1":{"start":{"line":2,"column":0},"end":{"line":2,"column":49}},"2":{"start":{"line":8,"column":23},"end":{"line":34,"column":1}},"3":{"start":{"line":9,"column":36},"end":{"line":9,"column":45}},"4":{"start":{"line":11,"column":2},"end":{"line":14,"column":3}},"5":{"start":{"line":13,"column":4},"end":{"line":13,"column":null}},"6":{"start":{"line":17,"column":2},"end":{"line":30,"column":3}},"7":{"start":{"line":20,"column":22},"end":{"line":20,"column":83}},"8":{"start":{"line":20,"column":54},"end":{"line":20,"column":76}},"9":{"start":{"line":22,"column":22},"end":{"line":23,"column":null}},"10":{"start":{"line":23,"column":6},"end":{"line":23,"column":40}},"11":{"start":{"line":26,"column":4},"end":{"line":29,"column":5}},"12":{"start":{"line":28,"column":6},"end":{"line":28,"column":null}},"13":{"start":{"line":33,"column":2},"end":{"line":33,"column":null}},"14":{"start":{"line":36,"column":0},"end":{"line":36,"column":null}}},"fnMap":{"0":{"name":"(anonymous_0)","decl":{"start":{"line":8,"column":23},"end":{"line":8,"column":24}},"loc":{"start":{"line":8,"column":65},"end":{"line":34,"column":1}}},"1":{"name":"(anonymous_1)","decl":{"start":{"line":20,"column":39},"end":{"line":20,"column":40}},"loc":{"start":{"line":20,"column":54},"end":{"line":20,"column":76}}},"2":{"name":"(anonymous_2)","decl":{"start":{"line":22,"column":37},"end":{"line":22,"column":38}},"loc":{"start":{"line":23,"column":6},"end":{"line":23,"column":40}}}},"branchMap":{"0":{"loc":{"start":{"line":11,"column":2},"end":{"line":14,"column":3}},"type":"if","locations":[{"start":{"line":11,"column":2},"end":{"line":14,"column":3}},{"start":{},"end":{}}]},"1":{"loc":{"start":{"line":17,"column":2},"end":{"line":30,"column":3}},"type":"if","locations":[{"start":{"line":17,"column":2},"end":{"line":30,"column":3}},{"start":{},"end":{}}]},"2":{"loc":{"start":{"line":17,"column":6},"end":{"line":17,"column":45}},"type":"binary-expr","locations":[{"start":{"line":17,"column":6},"end":{"line":17,"column":18}},{"start":{"line":17,"column":22},"end":{"line":17,"column":45}}]},"3":{"loc":{"start":{"line":20,"column":22},"end":{"line":20,"column":83}},"type":"binary-expr","locations":[{"start":{"line":20,"column":22},"end":{"line":20,"column":77}},{"start":{"line":20,"column":81},"end":{"line":20,"column":83}}]},"4":{"loc":{"start":{"line":20,"column":22},"end":{"line":20,"column":77}},"type":"cond-expr","locations":[{"start":{"line":20,"column":33},"end":{"line":20,"column":35}},{"start":{"line":20,"column":33},"end":{"line":20,"column":77}}]},"5":{"loc":{"start":{"line":20,"column":22},"end":{"line":20,"column":35}},"type":"binary-expr","locations":[{"start":{"line":20,"column":22},"end":{"line":20,"column":35}},{"start":{"line":20,"column":33},"end":{"line":20,"column":35}}]},"6":{"loc":{"start":{"line":20,"column":22},"end":{"line":20,"column":33}},"type":"cond-expr","locations":[{"start":{"line":20,"column":26},"end":{"line":20,"column":28}},{"start":{"line":20,"column":22},"end":{"line":20,"column":33}}]},"7":{"loc":{"start":{"line":20,"column":22},"end":{"line":20,"column":28}},"type":"binary-expr","locations":[{"start":{"line":20,"column":22},"end":{"line":20,"column":28}},{"start":{"line":20,"column":22},"end":{"line":20,"column":28}}]},"8":{"loc":{"start":{"line":26,"column":4},"end":{"line":29,"column":5}},"type":"if","locations":[{"start":{"line":26,"column":4},"end":{"line":29,"column":5}},{"start":{},"end":{}}]}},"s":{"0":1,"1":1,"2":1,"3":6,"4":6,"5":1,"6":5,"7":4,"8":3,"9":4,"10":3,"11":4,"12":2,"13":3,"14":1},"f":{"0":6,"1":3,"2":3},"b":{"0":[1,5],"1":[4,1],"2":[5,4],"3":[4,0],"4":[0,4],"5":[4,4],"6":[0,4],"7":[4,4],"8":[2,2]}}
,"/home/josh/IdeaProjects/event-Registration-System/frontend/src/Components/RegistrationCard.tsx": {"path":"/home/josh/IdeaProjects/event-Registration-System/frontend/src/Components/RegistrationCard.tsx","statementMap":{"0":{"start":{"line":19,"column":0},"end":{"line":19,"column":16}},"1":{"start":{"line":2,"column":0},"end":{"line":2,"column":39}},"2":{"start":{"line":13,"column":45},"end":{"line":17,"column":null}},"3":{"start":{"line":25,"column":2},"end":{"line":31,"column":3}},"4":{"start":{"line":26,"column":4},"end":{"line":30,"column":null}},"5":{"start":{"line":33,"column":2},"end":{"line":90,"column":null}},"6":{"start":{"line":62,"column":31},"end":{"line":62,"column":59}},"7":{"start":{"line":71,"column":31},"end":{"line":71,"column":52}},"8":{"start":{"line":80,"column":31},"end":{"line":80,"column":47}}},"fnMap":{"0":{"name":"RegistrationCard","decl":{"start":{"line":19,"column":16},"end":{"line":19,"column":32}},"loc":{"start":{"line":24,"column":24},"end":{"line":91,"column":1}}},"1":{"name":"(anonymous_1)","decl":{"start":{"line":62,"column":25},"end":{"line":62,"column":28}},"loc":{"start":{"line":62,"column":31},"end":{"line":62,"column":59}}},"2":{"name":"(anonymous_2)","decl":{"start":{"line":71,"column":25},"end":{"line":71,"column":28}},"loc":{"start":{"line":71,"column":31},"end":{"line":71,"column":52}}},"3":{"name":"(anonymous_3)","decl":{"start":{"line":80,"column":25},"end":{"line":80,"column":28}},"loc":{"start":{"line":80,"column":31},"end":{"line":80,"column":47}}}},"branchMap":{"0":{"loc":{"start":{"line":25,"column":2},"end":{"line":31,"column":3}},"type":"if","locations":[{"start":{"line":25,"column":2},"end":{"line":31,"column":3}},{"start":{},"end":{}}]},"1":{"loc":{"start":{"line":43,"column":16},"end":{"line":43,"column":null}},"type":"cond-expr","locations":[{"start":{"line":43,"column":40},"end":{"line":43,"column":44}},{"start":{"line":43,"column":44},"end":{"line":43,"column":null}}]},"2":{"loc":{"start":{"line":43,"column":16},"end":{"line":43,"column":44}},"type":"binary-expr","locations":[{"start":{"line":43,"column":16},"end":{"line":43,"column":44}},{"start":{"line":43,"column":40},"end":{"line":43,"column":44}}]},"3":{"loc":{"start":{"line":60,"column":13},"end":{"line":66,"column":null}},"type":"binary-expr","locations":[{"start":{"line":60,"column":13},"end":{"line":60,"column":37}},{"start":{"line":60,"column":41},"end":{"line":60,"column":49}},{"start":{"line":61,"column":14},"end":{"line":63,"column":null}}]},"4":{"loc":{"start":{"line":69,"column":13},"end":{"line":75,"column":null}},"type":"binary-expr","locations":[{"start":{"line":69,"column":13},"end":{"line":69,"column":39}},{"start":{"line":69,"column":43},"end":{"line":69,"column":56}},{"start":{"line":70,"column":14},"end":{"line":72,"column":null}}]},"5":{"loc":{"start":{"line":78,"column":13},"end":{"line":84,"column":null}},"type":"binary-expr","locations":[{"start":{"line":78,"column":14},"end":{"line":78,"column":40}},{"start":{"line":78,"column":44},"end":{"line":78,"column":68}},{"start":{"line":78,"column":73},"end":{"line":78,"column":81}},{"start":{"line":79,"column":14},"end":{"line":81,"column":null}}]}},"s":{"0":1,"1":1,"2":1,"3":5,"4":1,"5":4,"6":1,"7":0,"8":1},"f":{"0":5,"1":1,"2":0,"3":1},"b":{"0":[1,4],"1":[4,0],"2":[4,4],"3":[4,2,1],"4":[4,1,0],"5":[4,3,3,1]}}
,"/home/josh/IdeaProjects/event-Registration-System/frontend/src/api/auth.ts": {"path":"/home/josh/IdeaProjects/event-Registration-System/frontend/src/api/auth.ts","statementMap":{"0":{"start":{"line":15,"column":0},"end":{"line":15,"column":22}},"1":{"start":{"line":20,"column":0},"end":{"line":20,"column":22}},"2":{"start":{"line":25,"column":0},"end":{"line":25,"column":22}},"3":{"start":{"line":30,"column":0},"end":{"line":30,"column":22}},"4":{"start":{"line":35,"column":0},"end":{"line":35,"column":22}},"5":{"start":{"line":43,"column":0},"end":{"line":43,"column":22}},"6":{"start":{"line":48,"column":0},"end":{"line":48,"column":22}},"7":{"start":{"line":53,"column":0},"end":{"line":53,"column":22}},"8":{"start":{"line":60,"column":0},"end":{"line":60,"column":16}},"9":{"start":{"line":71,"column":0},"end":{"line":71,"column":16}},"10":{"start":{"line":82,"column":0},"end":{"line":82,"column":16}},"11":{"start":{"line":88,"column":0},"end":{"line":88,"column":16}},"12":{"start":{"line":92,"column":0},"end":{"line":92,"column":16}},"13":{"start":{"line":108,"column":0},"end":{"line":108,"column":16}},"14":{"start":{"line":1,"column":0},"end":{"line":1,"column":33}},"15":{"start":{"line":2,"column":0},"end":{"line":2,"column":39}},"16":{"start":{"line":16,"column":14},"end":{"line":16,"column":87}},"17":{"start":{"line":17,"column":2},"end":{"line":17,"column":null}},"18":{"start":{"line":21,"column":14},"end":{"line":21,"column":96}},"19":{"start":{"line":22,"column":2},"end":{"line":22,"column":null}},"20":{"start":{"line":26,"column":14},"end":{"line":26,"column":98}},"21":{"start":{"line":27,"column":2},"end":{"line":27,"column":null}},"22":{"start":{"line":31,"column":14},"end":{"line":31,"column":79}},"23":{"start":{"line":32,"column":2},"end":{"line":32,"column":null}},"24":{"start":{"line":36,"column":14},"end":{"line":36,"column":86}},"25":{"start":{"line":37,"column":2},"end":{"line":37,"column":null}},"26":{"start":{"line":44,"column":14},"end":{"line":44,"column":78}},"27":{"start":{"line":45,"column":2},"end":{"line":45,"column":null}},"28":{"start":{"line":49,"column":14},"end":{"line":49,"column":90}},"29":{"start":{"line":50,"column":2},"end":{"line":50,"column":null}},"30":{"start":{"line":54,"column":14},"end":{"line":54,"column":92}},"31":{"start":{"line":55,"column":2},"end":{"line":55,"column":null}},"32":{"start":{"line":62,"column":2},"end":{"line":62,"column":null}},"33":{"start":{"line":63,"column":2},"end":{"line":63,"column":null}},"34":{"start":{"line":64,"column":2},"end":{"line":64,"column":null}},"35":{"start":{"line":65,"column":2},"end":{"line":65,"column":null}},"36":{"start":{"line":66,"column":2},"end":{"line":66,"column":null}},"37":{"start":{"line":67,"column":2},"end":{"line":67,"column":null}},"38":{"start":{"line":68,"column":2},"end":{"line":68,"column":null}},"39":{"start":{"line":73,"column":2},"end":{"line":73,"column":null}},"40":{"start":{"line":74,"column":2},"end":{"line":74,"column":null}},"41":{"start":{"line":75,"column":2},"end":{"line":75,"column":null}},"42":{"start":{"line":76,"column":2},"end":{"line":76,"column":null}},"43":{"start":{"line":77,"column":2},"end":{"line":77,"column":null}},"44":{"start":{"line":78,"column":2},"end":{"line":78,"column":null}},"45":{"start":{"line":79,"column":2},"end":{"line":79,"column":null}},"46":{"start":{"line":84,"column":2},"end":{"line":84,"column":null}},"47":{"start":{"line":85,"column":2},"end":{"line":85,"column":null}},"48":{"start":{"line":89,"column":2},"end":{"line":89,"column":null}},"49":{"start":{"line":93,"column":2},"end":{"line":105,"column":3}},"50":{"start":{"line":94,"column":22},"end":{"line":94,"column":41}},"51":{"start":{"line":95,"column":19},"end":{"line":95,"column":66}},"52":{"start":{"line":96,"column":24},"end":{"line":100,"column":null}},"53":{"start":{"line":99,"column":20},"end":{"line":99,"column":73}},"54":{"start":{"line":102,"column":4},"end":{"line":102,"column":null}},"55":{"start":{"line":104,"column":4},"end":{"line":104,"column":null}},"56":{"start":{"line":109,"column":16},"end":{"line":109,"column":26}},"57":{"start":{"line":110,"column":2},"end":{"line":110,"column":null}},"58":{"start":{"line":110,"column":14},"end":{"line":110,"column":null}},"59":{"start":{"line":111,"column":18},"end":{"line":111,"column":36}},"60":{"start":{"line":112,"column":2},"end":{"line":114,"column":3}},"61":{"start":{"line":113,"column":4},"end":{"line":113,"column":null}},"62":{"start":{"line":116,"column":2},"end":{"line":116,"column":null}}},"fnMap":{"0":{"name":"login","decl":{"start":{"line":15,"column":22},"end":{"line":15,"column":27}},"loc":{"start":{"line":15,"column":49},"end":{"line":18,"column":null}}},"1":{"name":"register","decl":{"start":{"line":20,"column":22},"end":{"line":20,"column":30}},"loc":{"start":{"line":20,"column":55},"end":{"line":23,"column":null}}},"2":{"name":"refreshAccessToken","decl":{"start":{"line":25,"column":22},"end":{"line":25,"column":40}},"loc":{"start":{"line":25,"column":61},"end":{"line":28,"column":null}}},"3":{"name":"fetchUserProfile","decl":{"start":{"line":30,"column":22},"end":{"line":30,"column":38}},"loc":{"start":{"line":30,"column":49},"end":{"line":33,"column":null}}},"4":{"name":"updateProfile","decl":{"start":{"line":35,"column":22},"end":{"line":35,"column":35}},"loc":{"start":{"line":35,"column":65},"end":{"line":38,"column":null}}},"5":{"name":"getAllUsers","decl":{"start":{"line":43,"column":22},"end":{"line":43,"column":33}},"loc":{"start":{"line":43,"column":33},"end":{"line":46,"column":null}}},"6":{"name":"addOrganizer","decl":{"start":{"line":48,"column":22},"end":{"line":48,"column":34}},"loc":{"start":{"line":48,"column":68},"end":{"line":51,"column":null}}},"7":{"name":"addRegistrant","decl":{"start":{"line":53,"column":22},"end":{"line":53,"column":35}},"loc":{"start":{"line":53,"column":69},"end":{"line":56,"column":null}}},"8":{"name":"saveTokens","decl":{"start":{"line":60,"column":16},"end":{"line":60,"column":26}},"loc":{"start":{"line":60,"column":62},"end":{"line":69,"column":1}}},"9":{"name":"clearTokens","decl":{"start":{"line":71,"column":16},"end":{"line":71,"column":27}},"loc":{"start":{"line":71,"column":27},"end":{"line":80,"column":1}}},"10":{"name":"getToken","decl":{"start":{"line":82,"column":16},"end":{"line":82,"column":24}},"loc":{"start":{"line":82,"column":24},"end":{"line":86,"column":1}}},"11":{"name":"isLoggedIn","decl":{"start":{"line":88,"column":16},"end":{"line":88,"column":26}},"loc":{"start":{"line":88,"column":26},"end":{"line":90,"column":1}}},"12":{"name":"decodeToken","decl":{"start":{"line":92,"column":16},"end":{"line":92,"column":27}},"loc":{"start":{"line":92,"column":41},"end":{"line":106,"column":1}}},"13":{"name":"(anonymous_29)","decl":{"start":{"line":99,"column":13},"end":{"line":99,"column":14}},"loc":{"start":{"line":99,"column":20},"end":{"line":99,"column":73}}},"14":{"name":"getCurrentUser","decl":{"start":{"line":108,"column":16},"end":{"line":108,"column":30}},"loc":{"start":{"line":108,"column":30},"end":{"line":117,"column":1}}}},"branchMap":{"0":{"loc":{"start":{"line":84,"column":9},"end":{"line":84,"column":78}},"type":"cond-expr","locations":[{"start":{"line":84,"column":43},"end":{"line":84,"column":47}},{"start":{"line":84,"column":47},"end":{"line":84,"column":78}}]},"1":{"loc":{"start":{"line":84,"column":9},"end":{"line":84,"column":47}},"type":"binary-expr","locations":[{"start":{"line":84,"column":9},"end":{"line":84,"column":47}},{"start":{"line":84,"column":43},"end":{"line":84,"column":47}}]},"2":{"loc":{"start":{"line":110,"column":2},"end":{"line":110,"column":null}},"type":"if","locations":[{"start":{"line":110,"column":2},"end":{"line":110,"column":null}},{"start":{},"end":{}}]},"3":{"loc":{"start":{"line":112,"column":2},"end":{"line":114,"column":3}},"type":"if","locations":[{"start":{"line":112,"column":2},"end":{"line":114,"column":3}},{"start":{},"end":{}}]},"4":{"loc":{"start":{"line":113,"column":11},"end":{"line":113,"column":92}},"type":"cond-expr","locations":[{"start":{"line":113,"column":21},"end":{"line":113,"column":85}},{"start":{"line":113,"column":88},"end":{"line":113,"column":92}}]}},"s":{"0":4,"1":4,"2":4,"3":4,"4":4,"5":4,"6":4,"7":4,"8":4,"9":4,"10":4,"11":4,"12":4,"13":4,"14":4,"15":4,"16":0,"17":0,"18":0,"19":0,"20":0,"21":0,"22":0,"23":0,"24":0,"25":0,"26":0,"27":0,"28":0,"29":0,"30":0,"31":0,"32":2,"33":2,"34":2,"35":2,"36":2,"37":2,"38":2,"39":3,"40":3,"41":3,"42":3,"43":3,"44":3,"45":3,"46":31,"47":0,"48":14,"49":6,"50":6,"51":6,"52":0,"53":0,"54":0,"55":6,"56":16,"57":16,"58":10,"59":6,"60":6,"61":0,"62":6},"f":{"0":0,"1":0,"2":0,"3":0,"4":0,"5":0,"6":0,"7":0,"8":2,"9":3,"10":31,"11":14,"12":6,"13":0,"14":16},"b":{"0":[11,20],"1":[31,11],"2":[10,6],"3":[0,6],"4":[0,0]}}
,"/home/josh/IdeaProjects/event-Registration-System/frontend/src/api/axiosInstance.ts": {"path":"/home/josh/IdeaProjects/event-Registration-System/frontend/src/api/axiosInstance.ts","statementMap":{"0":{"start":{"line":1,"column":0},"end":{"line":1,"column":25}},"1":{"start":{"line":2,"column":0},"end":{"line":2,"column":79}},"2":{"start":{"line":4,"column":12},"end":{"line":9,"column":2}},"3":{"start":{"line":12,"column":0},"end":{"line":19,"column":null}},"4":{"start":{"line":14,"column":31},"end":{"line":14,"column":41}},"5":{"start":{"line":15,"column":2},"end":{"line":17,"column":3}},"6":{"start":{"line":16,"column":4},"end":{"line":16,"column":null}},"7":{"start":{"line":18,"column":2},"end":{"line":18,"column":null}},"8":{"start":{"line":22,"column":0},"end":{"line":58,"column":null}},"9":{"start":{"line":23,"column":16},"end":{"line":23,"column":24}},"10":{"start":{"line":24,"column":18},"end":{"line":57,"column":null}},"11":{"start":{"line":25,"column":28},"end":{"line":25,"column":40}},"12":{"start":{"line":28,"column":4},"end":{"line":54,"column":5}},"13":{"start":{"line":29,"column":6},"end":{"line":31,"column":7}},"14":{"start":{"line":30,"column":8},"end":{"line":30,"column":null}},"15":{"start":{"line":33,"column":6},"end":{"line":33,"column":null}},"16":{"start":{"line":34,"column":27},"end":{"line":34,"column":63}},"17":{"start":{"line":36,"column":6},"end":{"line":53,"column":7}},"18":{"start":{"line":37,"column":8},"end":{"line":48,"column":9}},"19":{"start":{"line":38,"column":65},"end":{"line":38,"column":103}},"20":{"start":{"line":39,"column":10},"end":{"line":39,"column":null}},"21":{"start":{"line":42,"column":10},"end":{"line":42,"column":null}},"22":{"start":{"line":43,"column":10},"end":{"line":43,"column":null}},"23":{"start":{"line":46,"column":10},"end":{"line":46,"column":null}},"24":{"start":{"line":47,"column":10},"end":{"line":47,"column":null}},"25":{"start":{"line":51,"column":8},"end":{"line":51,"column":null}},"26":{"start":{"line":52,"column":8},"end":{"line":52,"column":null}},"27":{"start":{"line":56,"column":4},"end":{"line":56,"column":null}},"28":{"start":{"line":60,"column":0},"end":{"line":60,"column":null}}},"fnMap":{"0":{"name":"(anonymous_8)","decl":{"start":{"line":12,"column":29},"end":{"line":12,"column":30}},"loc":{"start":{"line":12,"column":40},"end":{"line":19,"column":1}}},"1":{"name":"(anonymous_9)","decl":{"start":{"line":23,"column":2},"end":{"line":23,"column":3}},"loc":{"start":{"line":23,"column":16},"end":{"line":23,"column":24}}},"2":{"name":"(anonymous_10)","decl":{"start":{"line":24,"column":2},"end":{"line":24,"column":9}},"loc":{"start":{"line":24,"column":18},"end":{"line":57,"column":null}}},"3":{"name":"(anonymous_11)","decl":{"start":{"line":24,"column":18},"end":{"line":24,"column":null}},"loc":{"start":{"line":24,"column":18},"end":{"line":57,"column":3}}}},"branchMap":{"0":{"loc":{"start":{"line":15,"column":2},"end":{"line":17,"column":3}},"type":"if","locations":[{"start":{"line":15,"column":2},"end":{"line":17,"column":3}},{"start":{},"end":{}}]},"1":{"loc":{"start":{"line":28,"column":4},"end":{"line":54,"column":5}},"type":"if","locations":[{"start":{"line":28,"column":4},"end":{"line":54,"column":5}},{"start":{},"end":{}}]},"2":{"loc":{"start":{"line":28,"column":8},"end":{"line":28,"column":65}},"type":"binary-expr","locations":[{"start":{"line":28,"column":8},"end":{"line":28,"column":38}},{"start":{"line":28,"column":42},"end":{"line":28,"column":65}}]},"3":{"loc":{"start":{"line":28,"column":8},"end":{"line":28,"column":30}},"type":"cond-expr","locations":[{"start":{"line":28,"column":22},"end":{"line":28,"column":24}},{"start":{"line":28,"column":22},"end":{"line":28,"column":30}}]},"4":{"loc":{"start":{"line":28,"column":8},"end":{"line":28,"column":24}},"type":"binary-expr","locations":[{"start":{"line":28,"column":8},"end":{"line":28,"column":24}},{"start":{"line":28,"column":22},"end":{"line":28,"column":24}}]},"5":{"loc":{"start":{"line":29,"column":6},"end":{"line":31,"column":7}},"type":"if","locations":[{"start":{"line":29,"column":6},"end":{"line":31,"column":7}},{"start":{},"end":{}}]},"6":{"loc":{"start":{"line":29,"column":10},"end":{"line":29,"column":115}},"type":"binary-expr","locations":[{"start":{"line":29,"column":10},"end":{"line":29,"column":58}},{"start":{"line":29,"column":62},"end":{"line":29,"column":113}}]},"7":{"loc":{"start":{"line":29,"column":10},"end":{"line":29,"column":58}},"type":"cond-expr","locations":[{"start":{"line":29,"column":29},"end":{"line":29,"column":31}},{"start":{"line":29,"column":29},"end":{"line":29,"column":58}}]},"8":{"loc":{"start":{"line":29,"column":10},"end":{"line":29,"column":31}},"type":"binary-expr","locations":[{"start":{"line":29,"column":10},"end":{"line":29,"column":31}},{"start":{"line":29,"column":29},"end":{"line":29,"column":31}}]},"9":{"loc":{"start":{"line":29,"column":62},"end":{"line":29,"column":113}},"type":"cond-expr","locations":[{"start":{"line":29,"column":81},"end":{"line":29,"column":83}},{"start":{"line":29,"column":81},"end":{"line":29,"column":113}}]},"10":{"loc":{"start":{"line":29,"column":62},"end":{"line":29,"column":83}},"type":"binary-expr","locations":[{"start":{"line":29,"column":62},"end":{"line":29,"column":83}},{"start":{"line":29,"column":81},"end":{"line":29,"column":83}}]},"11":{"loc":{"start":{"line":36,"column":6},"end":{"line":53,"column":7}},"type":"if","locations":[{"start":{"line":36,"column":6},"end":{"line":53,"column":7}},{"start":{"line":49,"column":13},"end":{"line":53,"column":7}}]}},"s":{"0":4,"1":4,"2":4,"3":4,"4":0,"5":0,"6":0,"7":0,"8":4,"9":0,"10":0,"11":0,"12":0,"13":0,"14":0,"15":0,"16":0,"17":0,"18":0,"19":0,"20":0,"21":0,"22":0,"23":0,"24":0,"25":0,"26":0,"27":0,"28":4},"f":{"0":0,"1":0,"2":0,"3":0},"b":{"0":[0,0],"1":[0,0],"2":[0,0],"3":[0,0],"4":[0,0],"5":[0,0],"6":[0,0],"7":[0,0],"8":[0,0],"9":[0,0],"10":[0,0],"11":[0,0]}}
,"/home/josh/IdeaProjects/event-Registration-System/frontend/src/api/endpoints.ts": {"path":"/home/josh/IdeaProjects/event-Registration-System/frontend/src/api/endpoints.ts","statementMap":{"0":{"start":{"line":1,"column":13},"end":{"line":32,"column":null}},"1":{"start":{"line":7,"column":41},"end":{"line":7,"column":63}},"2":{"start":{"line":14,"column":36},"end":{"line":14,"column":55}},"3":{"start":{"line":19,"column":49},"end":{"line":19,"column":94}},"4":{"start":{"line":20,"column":44},"end":{"line":20,"column":81}},"5":{"start":{"line":30,"column":58},"end":{"line":30,"column":91}}},"fnMap":{"0":{"name":"(anonymous_0)","decl":{"start":{"line":7,"column":16},"end":{"line":7,"column":17}},"loc":{"start":{"line":7,"column":41},"end":{"line":7,"column":63}}},"1":{"name":"(anonymous_1)","decl":{"start":{"line":14,"column":11},"end":{"line":14,"column":12}},"loc":{"start":{"line":14,"column":36},"end":{"line":14,"column":55}}},"2":{"name":"(anonymous_2)","decl":{"start":{"line":19,"column":12},"end":{"line":19,"column":13}},"loc":{"start":{"line":19,"column":49},"end":{"line":19,"column":94}}},"3":{"name":"(anonymous_3)","decl":{"start":{"line":20,"column":14},"end":{"line":20,"column":15}},"loc":{"start":{"line":20,"column":44},"end":{"line":20,"column":81}}},"4":{"name":"(anonymous_4)","decl":{"start":{"line":30,"column":21},"end":{"line":30,"column":22}},"loc":{"start":{"line":30,"column":58},"end":{"line":30,"column":91}}}},"branchMap":{},"s":{"0":8,"1":0,"2":6,"3":2,"4":2,"5":0},"f":{"0":0,"1":6,"2":2,"3":2,"4":0},"b":{}}
,"/home/josh/IdeaProjects/event-Registration-System/frontend/src/api/events.ts": {"path":"/home/josh/IdeaProjects/event-Registration-System/frontend/src/api/events.ts","statementMap":{"0":{"start":{"line":6,"column":0},"end":{"line":6,"column":22}},"1":{"start":{"line":11,"column":0},"end":{"line":11,"column":22}},"2":{"start":{"line":16,"column":0},"end":{"line":16,"column":22}},"3":{"start":{"line":21,"column":0},"end":{"line":21,"column":22}},"4":{"start":{"line":26,"column":0},"end":{"line":26,"column":22}},"5":{"start":{"line":1,"column":0},"end":{"line":1,"column":33}},"6":{"start":{"line":2,"column":0},"end":{"line":2,"column":39}},"7":{"start":{"line":7,"column":14},"end":{"line":7,"column":59}},"8":{"start":{"line":8,"column":2},"end":{"line":8,"column":null}},"9":{"start":{"line":12,"column":14},"end":{"line":12,"column":62}},"10":{"start":{"line":13,"column":2},"end":{"line":13,"column":null}},"11":{"start":{"line":17,"column":14},"end":{"line":17,"column":64}},"12":{"start":{"line":18,"column":2},"end":{"line":18,"column":null}},"13":{"start":{"line":22,"column":14},"end":{"line":22,"column":68}},"14":{"start":{"line":23,"column":2},"end":{"line":23,"column":null}},"15":{"start":{"line":27,"column":2},"end":{"line":27,"column":null}}},"fnMap":{"0":{"name":"getAllEvents","decl":{"start":{"line":6,"column":22},"end":{"line":6,"column":34}},"loc":{"start":{"line":6,"column":34},"end":{"line":9,"column":null}}},"1":{"name":"getEventById","decl":{"start":{"line":11,"column":22},"end":{"line":11,"column":34}},"loc":{"start":{"line":11,"column":54},"end":{"line":14,"column":null}}},"2":{"name":"createEvent","decl":{"start":{"line":16,"column":22},"end":{"line":16,"column":33}},"loc":{"start":{"line":16,"column":54},"end":{"line":19,"column":null}}},"3":{"name":"updateEvent","decl":{"start":{"line":21,"column":22},"end":{"line":21,"column":33}},"loc":{"start":{"line":21,"column":75},"end":{"line":24,"column":null}}},"4":{"name":"deleteEvent","decl":{"start":{"line":26,"column":22},"end":{"line":26,"column":33}},"loc":{"start":{"line":26,"column":53},"end":{"line":28,"column":null}}}},"branchMap":{},"s":{"0":1,"1":1,"2":1,"3":1,"4":1,"5":1,"6":1,"7":3,"8":2,"9":3,"10":2,"11":2,"12":1,"13":1,"14":1,"15":2},"f":{"0":3,"1":3,"2":2,"3":1,"4":2},"b":{}}
,"/home/josh/IdeaProjects/event-Registration-System/frontend/src/api/payments.ts": {"path":"/home/josh/IdeaProjects/event-Registration-System/frontend/src/api/payments.ts","statementMap":{"0":{"start":{"line":6,"column":0},"end":{"line":6,"column":22}},"1":{"start":{"line":1,"column":0},"end":{"line":1,"column":33}},"2":{"start":{"line":2,"column":0},"end":{"line":2,"column":39}},"3":{"start":{"line":7,"column":14},"end":{"line":7,"column":103}},"4":{"start":{"line":8,"column":2},"end":{"line":8,"column":null}}},"fnMap":{"0":{"name":"createPaymentOrder","decl":{"start":{"line":6,"column":22},"end":{"line":6,"column":40}},"loc":{"start":{"line":6,"column":63},"end":{"line":9,"column":null}}}},"branchMap":{},"s":{"0":1,"1":1,"2":1,"3":4,"4":2},"f":{"0":4},"b":{}}
,"/home/josh/IdeaProjects/event-Registration-System/frontend/src/api/receipts.ts": {"path":"/home/josh/IdeaProjects/event-Registration-System/frontend/src/api/receipts.ts","statementMap":{"0":{"start":{"line":5,"column":0},"end":{"line":5,"column":22}},"1":{"start":{"line":1,"column":0},"end":{"line":1,"column":33}},"2":{"start":{"line":2,"column":0},"end":{"line":2,"column":39}},"3":{"start":{"line":6,"column":14},"end":{"line":11,"column":4}},"4":{"start":{"line":12,"column":2},"end":{"line":12,"column":null}}},"fnMap":{"0":{"name":"getReceiptHtml","decl":{"start":{"line":5,"column":22},"end":{"line":5,"column":36}},"loc":{"start":{"line":5,"column":59},"end":{"line":13,"column":null}}}},"branchMap":{},"s":{"0":0,"1":0,"2":0,"3":0,"4":0},"f":{"0":0},"b":{}}
,"/home/josh/IdeaProjects/event-Registration-System/frontend/src/api/registrations.ts": {"path":"/home/josh/IdeaProjects/event-Registration-System/frontend/src/api/registrations.ts","statementMap":{"0":{"start":{"line":6,"column":0},"end":{"line":6,"column":22}},"1":{"start":{"line":11,"column":0},"end":{"line":11,"column":22}},"2":{"start":{"line":16,"column":0},"end":{"line":16,"column":22}},"3":{"start":{"line":21,"column":0},"end":{"line":21,"column":22}},"4":{"start":{"line":26,"column":0},"end":{"line":26,"column":22}},"5":{"start":{"line":1,"column":0},"end":{"line":1,"column":33}},"6":{"start":{"line":2,"column":0},"end":{"line":2,"column":39}},"7":{"start":{"line":7,"column":14},"end":{"line":7,"column":93}},"8":{"start":{"line":8,"column":2},"end":{"line":8,"column":null}},"9":{"start":{"line":12,"column":14},"end":{"line":12,"column":97}},"10":{"start":{"line":13,"column":2},"end":{"line":13,"column":null}},"11":{"start":{"line":17,"column":14},"end":{"line":17,"column":98}},"12":{"start":{"line":18,"column":2},"end":{"line":18,"column":null}},"13":{"start":{"line":22,"column":14},"end":{"line":22,"column":94}},"14":{"start":{"line":23,"column":2},"end":{"line":23,"column":null}},"15":{"start":{"line":27,"column":14},"end":{"line":27,"column":86}},"16":{"start":{"line":28,"column":2},"end":{"line":28,"column":null}}},"fnMap":{"0":{"name":"getMyRegistrations","decl":{"start":{"line":6,"column":22},"end":{"line":6,"column":40}},"loc":{"start":{"line":6,"column":40},"end":{"line":9,"column":null}}},"1":{"name":"createRegistration","decl":{"start":{"line":11,"column":22},"end":{"line":11,"column":40}},"loc":{"start":{"line":11,"column":56},"end":{"line":14,"column":null}}},"2":{"name":"cancelRegistration","decl":{"start":{"line":16,"column":22},"end":{"line":16,"column":40}},"loc":{"start":{"line":16,"column":63},"end":{"line":19,"column":null}}},"3":{"name":"getEventRegistrations","decl":{"start":{"line":21,"column":22},"end":{"line":21,"column":43}},"loc":{"start":{"line":21,"column":68},"end":{"line":24,"column":null}}},"4":{"name":"getAllRegistrations","decl":{"start":{"line":26,"column":22},"end":{"line":26,"column":41}},"loc":{"start":{"line":26,"column":41},"end":{"line":29,"column":null}}}},"branchMap":{},"s":{"0":1,"1":1,"2":1,"3":1,"4":1,"5":1,"6":1,"7":3,"8":2,"9":2,"10":1,"11":2,"12":1,"13":2,"14":2,"15":2,"16":1},"f":{"0":3,"1":2,"2":2,"3":2,"4":2},"b":{}}
,"/home/josh/IdeaProjects/event-Registration-System/frontend/src/api/venues.ts": {"path":"/home/josh/IdeaProjects/event-Registration-System/frontend/src/api/venues.ts","statementMap":{"0":{"start":{"line":6,"column":0},"end":{"line":6,"column":22}},"1":{"start":{"line":11,"column":0},"end":{"line":11,"column":22}},"2":{"start":{"line":1,"column":0},"end":{"line":1,"column":33}},"3":{"start":{"line":2,"column":0},"end":{"line":2,"column":39}},"4":{"start":{"line":7,"column":14},"end":{"line":7,"column":59}},"5":{"start":{"line":8,"column":2},"end":{"line":8,"column":null}},"6":{"start":{"line":12,"column":14},"end":{"line":12,"column":67}},"7":{"start":{"line":13,"column":2},"end":{"line":13,"column":null}}},"fnMap":{"0":{"name":"getAllVenues","decl":{"start":{"line":6,"column":22},"end":{"line":6,"column":34}},"loc":{"start":{"line":6,"column":34},"end":{"line":9,"column":null}}},"1":{"name":"addVenue","decl":{"start":{"line":11,"column":22},"end":{"line":11,"column":30}},"loc":{"start":{"line":11,"column":87},"end":{"line":14,"column":null}}}},"branchMap":{},"s":{"0":1,"1":1,"2":1,"3":1,"4":3,"5":2,"6":2,"7":1},"f":{"0":3,"1":2},"b":{}}
,"/home/josh/IdeaProjects/event-Registration-System/frontend/src/contexts/AuthContext.tsx": {"path":"/home/josh/IdeaProjects/event-Registration-System/frontend/src/contexts/AuthContext.tsx","statementMap":{"0":{"start":{"line":1,"column":0},"end":{"line":1,"column":94}},"1":{"start":{"line":2,"column":0},"end":{"line":2,"column":82}},"2":{"start":{"line":17,"column":20},"end":{"line":17,"column":73}},"3":{"start":{"line":19,"column":63},"end":{"line":52,"column":1}},"4":{"start":{"line":20,"column":48},"end":{"line":20,"column":79}},"5":{"start":{"line":21,"column":26},"end":{"line":21,"column":72}},"6":{"start":{"line":23,"column":2},"end":{"line":31,"column":9}},"7":{"start":{"line":24,"column":29},"end":{"line":27,"column":5}},"8":{"start":{"line":25,"column":6},"end":{"line":25,"column":39}},"9":{"start":{"line":26,"column":6},"end":{"line":26,"column":32}},"10":{"start":{"line":29,"column":4},"end":{"line":29,"column":61}},"11":{"start":{"line":30,"column":4},"end":{"line":30,"column":77}},"12":{"start":{"line":30,"column":17},"end":{"line":30,"column":76}},"13":{"start":{"line":33,"column":16},"end":{"line":38,"column":3}},"14":{"start":{"line":34,"column":4},"end":{"line":34,"column":36}},"15":{"start":{"line":36,"column":4},"end":{"line":36,"column":29}},"16":{"start":{"line":37,"column":4},"end":{"line":37,"column":30}},"17":{"start":{"line":40,"column":17},"end":{"line":45,"column":3}},"18":{"start":{"line":41,"column":4},"end":{"line":41,"column":18}},"19":{"start":{"line":43,"column":4},"end":{"line":43,"column":30}},"20":{"start":{"line":44,"column":4},"end":{"line":44,"column":18}},"21":{"start":{"line":47,"column":2},"end":{"line":51,"column":4}},"22":{"start":{"line":19,"column":13},"end":{"line":19,"column":63}},"23":{"start":{"line":54,"column":23},"end":{"line":60,"column":1}},"24":{"start":{"line":55,"column":18},"end":{"line":55,"column":41}},"25":{"start":{"line":56,"column":2},"end":{"line":58,"column":3}},"26":{"start":{"line":57,"column":4},"end":{"line":57,"column":67}},"27":{"start":{"line":59,"column":2},"end":{"line":59,"column":17}},"28":{"start":{"line":54,"column":13},"end":{"line":54,"column":23}}},"fnMap":{"0":{"name":"(anonymous_9)","decl":{"start":{"line":19,"column":63},"end":{"line":19,"column":64}},"loc":{"start":{"line":19,"column":80},"end":{"line":52,"column":1}}},"1":{"name":"(anonymous_10)","decl":{"start":{"line":23,"column":12},"end":{"line":23,"column":15}},"loc":{"start":{"line":23,"column":17},"end":{"line":31,"column":3}}},"2":{"name":"(anonymous_11)","decl":{"start":{"line":24,"column":29},"end":{"line":24,"column":32}},"loc":{"start":{"line":24,"column":34},"end":{"line":27,"column":5}}},"3":{"name":"(anonymous_12)","decl":{"start":{"line":30,"column":11},"end":{"line":30,"column":14}},"loc":{"start":{"line":30,"column":17},"end":{"line":30,"column":76}}},"4":{"name":"(anonymous_13)","decl":{"start":{"line":33,"column":16},"end":{"line":33,"column":17}},"loc":{"start":{"line":33,"column":56},"end":{"line":38,"column":3}}},"5":{"name":"(anonymous_14)","decl":{"start":{"line":40,"column":17},"end":{"line":40,"column":20}},"loc":{"start":{"line":40,"column":22},"end":{"line":45,"column":3}}},"6":{"name":"(anonymous_15)","decl":{"start":{"line":54,"column":23},"end":{"line":54,"column":26}},"loc":{"start":{"line":54,"column":28},"end":{"line":60,"column":1}}}},"branchMap":{"0":{"loc":{"start":{"line":56,"column":2},"end":{"line":58,"column":3}},"type":"if","locations":[{"start":{"line":56,"column":2},"end":{"line":58,"column":3}},{"start":{},"end":{}}]}},"s":{"0":12,"1":12,"2":12,"3":12,"4":51,"5":51,"6":51,"7":41,"8":6,"9":6,"10":41,"11":41,"12":41,"13":51,"14":8,"15":8,"16":8,"17":51,"18":3,"19":3,"20":3,"21":51,"22":12,"23":12,"24":101,"25":101,"26":0,"27":101,"28":12},"f":{"0":51,"1":41,"2":6,"3":41,"4":8,"5":3,"6":101},"b":{"0":[0,101]}}
,"/home/josh/IdeaProjects/event-Registration-System/frontend/src/lib/schemas.ts": {"path":"/home/josh/IdeaProjects/event-Registration-System/frontend/src/lib/schemas.ts","statementMap":{"0":{"start":{"line":1,"column":0},"end":{"line":1,"column":23}},"1":{"start":{"line":3,"column":13},"end":{"line":6,"column":null}},"2":{"start":{"line":8,"column":13},"end":{"line":16,"column":null}},"3":{"start":{"line":18,"column":13},"end":{"line":23,"column":null}},"4":{"start":{"line":25,"column":13},"end":{"line":29,"column":null}},"5":{"start":{"line":31,"column":13},"end":{"line":35,"column":null}},"6":{"start":{"line":37,"column":13},"end":{"line":46,"column":null}}},"fnMap":{},"branchMap":{},"s":{"0":9,"1":9,"2":9,"3":9,"4":9,"5":9,"6":9},"f":{},"b":{}}
,"/home/josh/IdeaProjects/event-Registration-System/frontend/src/pages/ErrorPage.tsx": {"path":"/home/josh/IdeaProjects/event-Registration-System/frontend/src/pages/ErrorPage.tsx","statementMap":{"0":{"start":{"line":4,"column":0},"end":{"line":4,"column":24}},"1":{"start":{"line":1,"column":0},"end":{"line":1,"column":48}},"2":{"start":{"line":2,"column":0},"end":{"line":2,"column":60}},"3":{"start":{"line":5,"column":19},"end":{"line":5,"column":32}},"4":{"start":{"line":7,"column":2},"end":{"line":38,"column":null}},"5":{"start":{"line":21,"column":27},"end":{"line":21,"column":39}}},"fnMap":{"0":{"name":"ErrorPage","decl":{"start":{"line":4,"column":24},"end":{"line":4,"column":33}},"loc":{"start":{"line":4,"column":33},"end":{"line":39,"column":1}}},"1":{"name":"(anonymous_1)","decl":{"start":{"line":21,"column":21},"end":{"line":21,"column":24}},"loc":{"start":{"line":21,"column":27},"end":{"line":21,"column":39}}}},"branchMap":{},"s":{"0":0,"1":0,"2":0,"3":0,"4":0,"5":0},"f":{"0":0,"1":0},"b":{}}
,"/home/josh/IdeaProjects/event-Registration-System/frontend/src/pages/EventDetailPage.tsx": {"path":"/home/josh/IdeaProjects/event-Registration-System/frontend/src/pages/EventDetailPage.tsx","statementMap":{"0":{"start":{"line":2,"column":0},"end":{"line":2,"column":59}},"1":{"start":{"line":3,"column":0},"end":{"line":3,"column":44}},"2":{"start":{"line":4,"column":0},"end":{"line":4,"column":77}},"3":{"start":{"line":5,"column":0},"end":{"line":5,"column":49}},"4":{"start":{"line":6,"column":0},"end":{"line":6,"column":52}},"5":{"start":{"line":7,"column":0},"end":{"line":7,"column":38}},"6":{"start":{"line":8,"column":0},"end":{"line":8,"column":77}},"7":{"start":{"line":10,"column":46},"end":{"line":13,"column":null}},"8":{"start":{"line":15,"column":46},"end":{"line":18,"column":null}},"9":{"start":{"line":21,"column":2},"end":{"line":28,"column":null}},"10":{"start":{"line":32,"column":2},"end":{"line":44,"column":null}},"11":{"start":{"line":39,"column":10},"end":{"line":39,"column":23}},"12":{"start":{"line":48,"column":30},"end":{"line":48,"column":39}},"13":{"start":{"line":49,"column":17},"end":{"line":49,"column":44}},"14":{"start":{"line":50,"column":19},"end":{"line":50,"column":32}},"15":{"start":{"line":51,"column":22},"end":{"line":51,"column":38}},"16":{"start":{"line":54,"column":70},"end":{"line":58,"column":4}},"17":{"start":{"line":56,"column":19},"end":{"line":56,"column":36}},"18":{"start":{"line":61,"column":51},"end":{"line":65,"column":4}},"19":{"start":{"line":68,"column":18},"end":{"line":68,"column":45}},"20":{"start":{"line":69,"column":16},"end":{"line":69,"column":65}},"21":{"start":{"line":72,"column":24},"end":{"line":74,"column":null}},"22":{"start":{"line":73,"column":11},"end":{"line":73,"column":89}},"23":{"start":{"line":77,"column":27},"end":{"line":144,"column":4}},"24":{"start":{"line":78,"column":27},"end":{"line":118,"column":null}},"25":{"start":{"line":79,"column":6},"end":{"line":79,"column":null}},"26":{"start":{"line":79,"column":18},"end":{"line":79,"column":null}},"27":{"start":{"line":80,"column":18},"end":{"line":80,"column":52}},"28":{"start":{"line":82,"column":6},"end":{"line":116,"column":7}},"29":{"start":{"line":83,"column":8},"end":{"line":83,"column":null}},"30":{"start":{"line":84,"column":29},"end":{"line":84,"column":61}},"31":{"start":{"line":87,"column":8},"end":{"line":115,"column":null}},"32":{"start":{"line":88,"column":28},"end":{"line":106,"column":14}},"33":{"start":{"line":96,"column":20},"end":{"line":96,"column":null}},"34":{"start":{"line":109,"column":24},"end":{"line":109,"column":61}},"35":{"start":{"line":111,"column":12},"end":{"line":113,"column":15}},"36":{"start":{"line":112,"column":16},"end":{"line":112,"column":83}},"37":{"start":{"line":114,"column":12},"end":{"line":114,"column":23}},"38":{"start":{"line":117,"column":6},"end":{"line":117,"column":19}},"39":{"start":{"line":122,"column":6},"end":{"line":122,"column":null}},"40":{"start":{"line":123,"column":6},"end":{"line":123,"column":null}},"41":{"start":{"line":124,"column":6},"end":{"line":124,"column":null}},"42":{"start":{"line":127,"column":6},"end":{"line":131,"column":7}},"43":{"start":{"line":128,"column":8},"end":{"line":128,"column":null}},"44":{"start":{"line":130,"column":8},"end":{"line":130,"column":null}},"45":{"start":{"line":132,"column":6},"end":{"line":132,"column":null}},"46":{"start":{"line":136,"column":22},"end":{"line":136,"column":null}},"47":{"start":{"line":137,"column":6},"end":{"line":142,"column":7}},"48":{"start":{"line":138,"column":8},"end":{"line":138,"column":null}},"49":{"start":{"line":140,"column":8},"end":{"line":140,"column":null}},"50":{"start":{"line":141,"column":8},"end":{"line":141,"column":45}},"51":{"start":{"line":147,"column":25},"end":{"line":154,"column":3}},"52":{"start":{"line":148,"column":4},"end":{"line":152,"column":5}},"53":{"start":{"line":149,"column":6},"end":{"line":149,"column":null}},"54":{"start":{"line":150,"column":6},"end":{"line":150,"column":null}},"55":{"start":{"line":151,"column":6},"end":{"line":151,"column":12}},"56":{"start":{"line":153,"column":4},"end":{"line":153,"column":null}},"57":{"start":{"line":156,"column":22},"end":{"line":156,"column":48}},"58":{"start":{"line":157,"column":18},"end":{"line":157,"column":87}},"59":{"start":{"line":159,"column":2},"end":{"line":313,"column":null}},"60":{"start":{"line":163,"column":23},"end":{"line":163,"column":35}},"61":{"start":{"line":286,"column":35},"end":{"line":286,"column":71}},"62":{"start":{"line":316,"column":0},"end":{"line":316,"column":null}}},"fnMap":{"0":{"name":"formatDate","decl":{"start":{"line":20,"column":9},"end":{"line":20,"column":19}},"loc":{"start":{"line":20,"column":31},"end":{"line":29,"column":1}}},"1":{"name":"SkeletonDetail","decl":{"start":{"line":31,"column":9},"end":{"line":31,"column":23}},"loc":{"start":{"line":31,"column":23},"end":{"line":45,"column":1}}},"2":{"name":"(anonymous_9)","decl":{"start":{"line":38,"column":31},"end":{"line":38,"column":32}},"loc":{"start":{"line":39,"column":10},"end":{"line":39,"column":23}}},"3":{"name":"EventDetailPage","decl":{"start":{"line":47,"column":9},"end":{"line":47,"column":24}},"loc":{"start":{"line":47,"column":24},"end":{"line":314,"column":1}}},"4":{"name":"(anonymous_11)","decl":{"start":{"line":56,"column":13},"end":{"line":56,"column":16}},"loc":{"start":{"line":56,"column":19},"end":{"line":56,"column":36}}},"5":{"name":"(anonymous_12)","decl":{"start":{"line":73,"column":4},"end":{"line":73,"column":5}},"loc":{"start":{"line":73,"column":11},"end":{"line":73,"column":89}}},"6":{"name":"(anonymous_13)","decl":{"start":{"line":78,"column":16},"end":{"line":78,"column":25}},"loc":{"start":{"line":78,"column":27},"end":{"line":118,"column":null}}},"7":{"name":"(anonymous_14)","decl":{"start":{"line":78,"column":27},"end":{"line":78,"column":null}},"loc":{"start":{"line":78,"column":27},"end":{"line":118,"column":5}}},"8":{"name":"(anonymous_15)","decl":{"start":{"line":87,"column":27},"end":{"line":87,"column":28}},"loc":{"start":{"line":87,"column":47},"end":{"line":115,"column":9}}},"9":{"name":"(anonymous_16)","decl":{"start":{"line":95,"column":25},"end":{"line":95,"column":null}},"loc":{"start":{"line":95,"column":25},"end":{"line":97,"column":17}}},"10":{"name":"(anonymous_17)","decl":{"start":{"line":111,"column":37},"end":{"line":111,"column":47}},"loc":{"start":{"line":111,"column":60},"end":{"line":113,"column":13}}},"11":{"name":"(anonymous_18)","decl":{"start":{"line":120,"column":15},"end":{"line":120,"column":16}},"loc":{"start":{"line":120,"column":27},"end":{"line":133,"column":5}}},"12":{"name":"(anonymous_19)","decl":{"start":{"line":135,"column":13},"end":{"line":135,"column":14}},"loc":{"start":{"line":135,"column":26},"end":{"line":143,"column":5}}},"13":{"name":"(anonymous_20)","decl":{"start":{"line":147,"column":25},"end":{"line":147,"column":28}},"loc":{"start":{"line":147,"column":30},"end":{"line":154,"column":3}}},"14":{"name":"(anonymous_21)","decl":{"start":{"line":163,"column":17},"end":{"line":163,"column":20}},"loc":{"start":{"line":163,"column":23},"end":{"line":163,"column":35}}},"15":{"name":"(anonymous_22)","decl":{"start":{"line":286,"column":29},"end":{"line":286,"column":32}},"loc":{"start":{"line":286,"column":35},"end":{"line":286,"column":71}}}},"branchMap":{"0":{"loc":{"start":{"line":68,"column":18},"end":{"line":68,"column":45}},"type":"binary-expr","locations":[{"start":{"line":68,"column":18},"end":{"line":68,"column":30}},{"start":{"line":68,"column":34},"end":{"line":68,"column":45}}]},"1":{"loc":{"start":{"line":69,"column":16},"end":{"line":69,"column":65}},"type":"cond-expr","locations":[{"start":{"line":69,"column":30},"end":{"line":69,"column":58}},{"start":{"line":69,"column":61},"end":{"line":69,"column":65}}]},"2":{"loc":{"start":{"line":72,"column":24},"end":{"line":74,"column":null}},"type":"binary-expr","locations":[{"start":{"line":72,"column":24},"end":{"line":72,"column":31}},{"start":{"line":72,"column":35},"end":{"line":74,"column":null}}]},"3":{"loc":{"start":{"line":72,"column":37},"end":{"line":73,"column":null}},"type":"cond-expr","locations":[{"start":{"line":72,"column":43},"end":{"line":72,"column":45}},{"start":{"line":72,"column":37},"end":{"line":73,"column":null}}]},"4":{"loc":{"start":{"line":72,"column":37},"end":{"line":72,"column":45}},"type":"binary-expr","locations":[{"start":{"line":72,"column":37},"end":{"line":72,"column":45}},{"start":{"line":72,"column":37},"end":{"line":72,"column":45}}]},"5":{"loc":{"start":{"line":73,"column":11},"end":{"line":73,"column":89}},"type":"binary-expr","locations":[{"start":{"line":73,"column":11},"end":{"line":73,"column":33}},{"start":{"line":73,"column":38},"end":{"line":73,"column":62}},{"start":{"line":73,"column":66},"end":{"line":73,"column":88}}]},"6":{"loc":{"start":{"line":79,"column":6},"end":{"line":79,"column":null}},"type":"if","locations":[{"start":{"line":79,"column":6},"end":{"line":79,"column":null}},{"start":{},"end":{}}]},"7":{"loc":{"start":{"line":82,"column":6},"end":{"line":116,"column":7}},"type":"if","locations":[{"start":{"line":82,"column":6},"end":{"line":116,"column":7}},{"start":{},"end":{}}]},"8":{"loc":{"start":{"line":127,"column":6},"end":{"line":131,"column":7}},"type":"if","locations":[{"start":{"line":127,"column":6},"end":{"line":131,"column":7}},{"start":{"line":129,"column":13},"end":{"line":131,"column":7}}]},"9":{"loc":{"start":{"line":136,"column":22},"end":{"line":136,"column":null}},"type":"binary-expr","locations":[{"start":{"line":136,"column":22},"end":{"line":136,"column":50}},{"start":{"line":136,"column":54},"end":{"line":136,"column":102}}]},"10":{"loc":{"start":{"line":136,"column":22},"end":{"line":136,"column":42}},"type":"cond-expr","locations":[{"start":{"line":136,"column":34},"end":{"line":136,"column":36}},{"start":{"line":136,"column":34},"end":{"line":136,"column":42}}]},"11":{"loc":{"start":{"line":136,"column":22},"end":{"line":136,"column":36}},"type":"binary-expr","locations":[{"start":{"line":136,"column":22},"end":{"line":136,"column":36}},{"start":{"line":136,"column":34},"end":{"line":136,"column":36}}]},"12":{"loc":{"start":{"line":136,"column":54},"end":{"line":136,"column":102}},"type":"cond-expr","locations":[{"start":{"line":136,"column":81},"end":{"line":136,"column":83}},{"start":{"line":136,"column":81},"end":{"line":136,"column":102}}]},"13":{"loc":{"start":{"line":136,"column":54},"end":{"line":136,"column":83}},"type":"binary-expr","locations":[{"start":{"line":136,"column":54},"end":{"line":136,"column":83}},{"start":{"line":136,"column":81},"end":{"line":136,"column":83}}]},"14":{"loc":{"start":{"line":136,"column":54},"end":{"line":136,"column":81}},"type":"cond-expr","locations":[{"start":{"line":136,"column":72},"end":{"line":136,"column":74}},{"start":{"line":136,"column":72},"end":{"line":136,"column":81}}]},"15":{"loc":{"start":{"line":136,"column":54},"end":{"line":136,"column":74}},"type":"binary-expr","locations":[{"start":{"line":136,"column":54},"end":{"line":136,"column":74}},{"start":{"line":136,"column":72},"end":{"line":136,"column":74}}]},"16":{"loc":{"start":{"line":136,"column":54},"end":{"line":136,"column":72}},"type":"cond-expr","locations":[{"start":{"line":136,"column":66},"end":{"line":136,"column":68}},{"start":{"line":136,"column":66},"end":{"line":136,"column":72}}]},"17":{"loc":{"start":{"line":136,"column":54},"end":{"line":136,"column":68}},"type":"binary-expr","locations":[{"start":{"line":136,"column":54},"end":{"line":136,"column":68}},{"start":{"line":136,"column":66},"end":{"line":136,"column":68}}]},"18":{"loc":{"start":{"line":137,"column":6},"end":{"line":142,"column":7}},"type":"if","locations":[{"start":{"line":137,"column":6},"end":{"line":142,"column":7}},{"start":{"line":139,"column":13},"end":{"line":142,"column":7}}]},"19":{"loc":{"start":{"line":140,"column":20},"end":{"line":140,"column":91}},"type":"binary-expr","locations":[{"start":{"line":140,"column":20},"end":{"line":140,"column":31}},{"start":{"line":140,"column":35},"end":{"line":140,"column":91}}]},"20":{"loc":{"start":{"line":148,"column":4},"end":{"line":152,"column":5}},"type":"if","locations":[{"start":{"line":148,"column":4},"end":{"line":152,"column":5}},{"start":{},"end":{}}]},"21":{"loc":{"start":{"line":157,"column":18},"end":{"line":157,"column":87}},"type":"cond-expr","locations":[{"start":{"line":157,"column":26},"end":{"line":157,"column":83}},{"start":{"line":157,"column":86},"end":{"line":157,"column":87}}]},"22":{"loc":{"start":{"line":169,"column":7},"end":{"line":169,"column":36}},"type":"binary-expr","locations":[{"start":{"line":169,"column":7},"end":{"line":169,"column":14}},{"start":{"line":169,"column":18},"end":{"line":169,"column":36}}]},"23":{"loc":{"start":{"line":171,"column":7},"end":{"line":178,"column":null}},"type":"binary-expr","locations":[{"start":{"line":171,"column":7},"end":{"line":171,"column":12}},{"start":{"line":171,"column":16},"end":{"line":171,"column":24}},{"start":{"line":172,"column":8},"end":{"line":177,"column":null}}]},"24":{"loc":{"start":{"line":181,"column":7},"end":{"line":310,"column":null}},"type":"binary-expr","locations":[{"start":{"line":181,"column":7},"end":{"line":181,"column":12}},{"start":{"line":181,"column":16},"end":{"line":181,"column":24}},{"start":{"line":182,"column":8},"end":{"line":309,"column":null}}]},"25":{"loc":{"start":{"line":210,"column":19},"end":{"line":213,"column":null}},"type":"cond-expr","locations":[{"start":{"line":211,"column":20},"end":{"line":211,"column":66}},{"start":{"line":213,"column":20},"end":{"line":213,"column":40}}]},"26":{"loc":{"start":{"line":232,"column":22},"end":{"line":236,"column":40}},"type":"cond-expr","locations":[{"start":{"line":233,"column":26},"end":{"line":233,"column":42}},{"start":{"line":234,"column":26},"end":{"line":236,"column":40}}]},"27":{"loc":{"start":{"line":234,"column":26},"end":{"line":236,"column":40}},"type":"cond-expr","locations":[{"start":{"line":235,"column":28},"end":{"line":235,"column":42}},{"start":{"line":236,"column":28},"end":{"line":236,"column":40}}]},"28":{"loc":{"start":{"line":250,"column":19},"end":{"line":253,"column":null}},"type":"cond-expr","locations":[{"start":{"line":251,"column":20},"end":{"line":251,"column":66}},{"start":{"line":253,"column":20},"end":{"line":253,"column":40}}]},"29":{"loc":{"start":{"line":268,"column":22},"end":{"line":268,"column":100}},"type":"cond-expr","locations":[{"start":{"line":268,"column":37},"end":{"line":268,"column":53}},{"start":{"line":268,"column":56},"end":{"line":268,"column":100}}]},"30":{"loc":{"start":{"line":268,"column":56},"end":{"line":268,"column":100}},"type":"cond-expr","locations":[{"start":{"line":268,"column":71},"end":{"line":268,"column":85}},{"start":{"line":268,"column":88},"end":{"line":268,"column":100}}]},"31":{"loc":{"start":{"line":275,"column":15},"end":{"line":302,"column":null}},"type":"cond-expr","locations":[{"start":{"line":276,"column":16},"end":{"line":276,"column":null}},{"start":{"line":279,"column":18},"end":{"line":302,"column":null}}]},"32":{"loc":{"start":{"line":279,"column":18},"end":{"line":302,"column":null}},"type":"cond-expr","locations":[{"start":{"line":280,"column":16},"end":{"line":289,"column":null}},{"start":{"line":291,"column":18},"end":{"line":302,"column":null}}]},"33":{"loc":{"start":{"line":291,"column":18},"end":{"line":302,"column":null}},"type":"cond-expr","locations":[{"start":{"line":292,"column":16},"end":{"line":292,"column":null}},{"start":{"line":296,"column":16},"end":{"line":301,"column":null}}]},"34":{"loc":{"start":{"line":301,"column":19},"end":{"line":301,"column":77}},"type":"cond-expr","locations":[{"start":{"line":301,"column":33},"end":{"line":301,"column":49}},{"start":{"line":301,"column":52},"end":{"line":301,"column":77}}]}},"s":{"0":0,"1":0,"2":0,"3":0,"4":0,"5":0,"6":0,"7":0,"8":0,"9":0,"10":0,"11":0,"12":0,"13":0,"14":0,"15":0,"16":0,"17":0,"18":0,"19":0,"20":0,"21":0,"22":0,"23":0,"24":0,"25":0,"26":0,"27":0,"28":0,"29":0,"30":0,"31":0,"32":0,"33":0,"34":0,"35":0,"36":0,"37":0,"38":0,"39":0,"40":0,"41":0,"42":0,"43":0,"44":0,"45":0,"46":0,"47":0,"48":0,"49":0,"50":0,"51":0,"52":0,"53":0,"54":0,"55":0,"56":0,"57":0,"58":0,"59":0,"60":0,"61":0,"62":0},"f":{"0":0,"1":0,"2":0,"3":0,"4":0,"5":0,"6":0,"7":0,"8":0,"9":0,"10":0,"11":0,"12":0,"13":0,"14":0,"15":0},"b":{"0":[0,0],"1":[0,0],"2":[0,0],"3":[0,0],"4":[0,0],"5":[0,0,0],"6":[0,0],"7":[0,0],"8":[0,0],"9":[0,0],"10":[0,0],"11":[0,0],"12":[0,0],"13":[0,0],"14":[0,0],"15":[0,0],"16":[0,0],"17":[0,0],"18":[0,0],"19":[0,0],"20":[0,0],"21":[0,0],"22":[0,0],"23":[0,0,0],"24":[0,0,0],"25":[0,0],"26":[0,0],"27":[0,0],"28":[0,0],"29":[0,0],"30":[0,0],"31":[0,0],"32":[0,0],"33":[0,0],"34":[0,0]}}
,"/home/josh/IdeaProjects/event-Registration-System/frontend/src/pages/EventsPage.tsx": {"path":"/home/josh/IdeaProjects/event-Registration-System/frontend/src/pages/EventsPage.tsx","statementMap":{"0":{"start":{"line":2,"column":0},"end":{"line":2,"column":32}},"1":{"start":{"line":3,"column":0},"end":{"line":3,"column":44}},"2":{"start":{"line":4,"column":0},"end":{"line":4,"column":51}},"3":{"start":{"line":5,"column":0},"end":{"line":5,"column":48}},"4":{"start":{"line":7,"column":36},"end":{"line":7,"column":54}},"5":{"start":{"line":9,"column":46},"end":{"line":12,"column":null}},"6":{"start":{"line":16,"column":2},"end":{"line":31,"column":null}},"7":{"start":{"line":35,"column":30},"end":{"line":35,"column":42}},"8":{"start":{"line":36,"column":42},"end":{"line":36,"column":78}},"9":{"start":{"line":39,"column":71},"end":{"line":42,"column":4}},"10":{"start":{"line":44,"column":16},"end":{"line":44,"column":65}},"11":{"start":{"line":46,"column":19},"end":{"line":50,"column":4}},"12":{"start":{"line":47,"column":24},"end":{"line":47,"column":76}},"13":{"start":{"line":48,"column":24},"end":{"line":48,"column":75}},"14":{"start":{"line":49,"column":4},"end":{"line":49,"column":null}},"15":{"start":{"line":52,"column":2},"end":{"line":128,"column":null}},"16":{"start":{"line":67,"column":27},"end":{"line":67,"column":52}},"17":{"start":{"line":73,"column":27},"end":{"line":73,"column":49}},"18":{"start":{"line":84,"column":12},"end":{"line":85,"column":null}},"19":{"start":{"line":86,"column":29},"end":{"line":86,"column":47}},"20":{"start":{"line":111,"column":12},"end":{"line":111,"column":36}},"21":{"start":{"line":123,"column":12},"end":{"line":123,"column":38}},"22":{"start":{"line":131,"column":0},"end":{"line":131,"column":null}}},"fnMap":{"0":{"name":"SkeletonCard","decl":{"start":{"line":15,"column":9},"end":{"line":15,"column":21}},"loc":{"start":{"line":15,"column":21},"end":{"line":32,"column":1}}},"1":{"name":"EventsPage","decl":{"start":{"line":34,"column":9},"end":{"line":34,"column":19}},"loc":{"start":{"line":34,"column":19},"end":{"line":129,"column":1}}},"2":{"name":"(anonymous_2)","decl":{"start":{"line":46,"column":33},"end":{"line":46,"column":34}},"loc":{"start":{"line":46,"column":39},"end":{"line":50,"column":3}}},"3":{"name":"(anonymous_3)","decl":{"start":{"line":67,"column":20},"end":{"line":67,"column":21}},"loc":{"start":{"line":67,"column":27},"end":{"line":67,"column":52}}},"4":{"name":"(anonymous_4)","decl":{"start":{"line":73,"column":21},"end":{"line":73,"column":24}},"loc":{"start":{"line":73,"column":27},"end":{"line":73,"column":49}}},"5":{"name":"(anonymous_5)","decl":{"start":{"line":83,"column":28},"end":{"line":83,"column":29}},"loc":{"start":{"line":84,"column":12},"end":{"line":85,"column":null}}},"6":{"name":"(anonymous_6)","decl":{"start":{"line":86,"column":23},"end":{"line":86,"column":26}},"loc":{"start":{"line":86,"column":29},"end":{"line":86,"column":47}}},"7":{"name":"(anonymous_7)","decl":{"start":{"line":110,"column":41},"end":{"line":110,"column":42}},"loc":{"start":{"line":111,"column":12},"end":{"line":111,"column":36}}},"8":{"name":"(anonymous_8)","decl":{"start":{"line":122,"column":24},"end":{"line":122,"column":25}},"loc":{"start":{"line":123,"column":12},"end":{"line":123,"column":38}}}},"branchMap":{"0":{"loc":{"start":{"line":39,"column":16},"end":{"line":39,"column":27}},"type":"default-arg","locations":[{"start":{"line":39,"column":25},"end":{"line":39,"column":27}}]},"1":{"loc":{"start":{"line":44,"column":16},"end":{"line":44,"column":65}},"type":"cond-expr","locations":[{"start":{"line":44,"column":30},"end":{"line":44,"column":58}},{"start":{"line":44,"column":61},"end":{"line":44,"column":65}}]},"2":{"loc":{"start":{"line":48,"column":24},"end":{"line":48,"column":75}},"type":"binary-expr","locations":[{"start":{"line":48,"column":24},"end":{"line":48,"column":46}},{"start":{"line":48,"column":50},"end":{"line":48,"column":75}}]},"3":{"loc":{"start":{"line":49,"column":11},"end":{"line":49,"column":37}},"type":"binary-expr","locations":[{"start":{"line":49,"column":11},"end":{"line":49,"column":22}},{"start":{"line":49,"column":26},"end":{"line":49,"column":37}}]},"4":{"loc":{"start":{"line":76,"column":14},"end":{"line":78,"column":73}},"type":"cond-expr","locations":[{"start":{"line":77,"column":18},"end":{"line":77,"column":44}},{"start":{"line":78,"column":18},"end":{"line":78,"column":73}}]},"5":{"loc":{"start":{"line":89,"column":16},"end":{"line":91,"column":75}},"type":"cond-expr","locations":[{"start":{"line":90,"column":20},"end":{"line":90,"column":46}},{"start":{"line":91,"column":20},"end":{"line":91,"column":75}}]},"6":{"loc":{"start":{"line":101,"column":7},"end":{"line":104,"column":null}},"type":"binary-expr","locations":[{"start":{"line":101,"column":7},"end":{"line":101,"column":12}},{"start":{"line":102,"column":8},"end":{"line":103,"column":null}}]},"7":{"loc":{"start":{"line":108,"column":7},"end":{"line":125,"column":null}},"type":"cond-expr","locations":[{"start":{"line":109,"column":8},"end":{"line":112,"column":null}},{"start":{"line":114,"column":10},"end":{"line":125,"column":null}}]},"8":{"loc":{"start":{"line":114,"column":10},"end":{"line":125,"column":null}},"type":"cond-expr","locations":[{"start":{"line":115,"column":8},"end":{"line":118,"column":null}},{"start":{"line":121,"column":8},"end":{"line":124,"column":null}}]}},"s":{"0":1,"1":1,"2":1,"3":1,"4":1,"5":1,"6":54,"7":23,"8":23,"9":23,"10":23,"11":23,"12":36,"13":36,"14":36,"15":23,"16":2,"17":1,"18":46,"19":3,"20":54,"21":27,"22":1},"f":{"0":54,"1":23,"2":36,"3":2,"4":1,"5":46,"6":3,"7":54,"8":27},"b":{"0":[10],"1":[1,22],"2":[36,9],"3":[36,31],"4":[20,3],"5":[3,43],"6":[23,1],"7":[9,14],"8":[3,11]}}
,"/home/josh/IdeaProjects/event-Registration-System/frontend/src/pages/HomeLayout.tsx": {"path":"/home/josh/IdeaProjects/event-Registration-System/frontend/src/pages/HomeLayout.tsx","statementMap":{"0":{"start":{"line":2,"column":0},"end":{"line":2,"column":43}},"1":{"start":{"line":3,"column":0},"end":{"line":3,"column":41}},"2":{"start":{"line":6,"column":2},"end":{"line":30,"column":null}},"3":{"start":{"line":33,"column":0},"end":{"line":33,"column":null}}},"fnMap":{"0":{"name":"HomeLayout","decl":{"start":{"line":5,"column":9},"end":{"line":5,"column":19}},"loc":{"start":{"line":5,"column":19},"end":{"line":31,"column":1}}}},"branchMap":{},"s":{"0":0,"1":0,"2":0,"3":0},"f":{"0":0},"b":{}}
,"/home/josh/IdeaProjects/event-Registration-System/frontend/src/pages/LandingPage.tsx": {"path":"/home/josh/IdeaProjects/event-Registration-System/frontend/src/pages/LandingPage.tsx","statementMap":{"0":{"start":{"line":1,"column":0},"end":{"line":1,"column":35}},"1":{"start":{"line":4,"column":2},"end":{"line":188,"column":null}},"2":{"start":{"line":66,"column":18},"end":{"line":67,"column":null}},"3":{"start":{"line":116,"column":12},"end":{"line":117,"column":null}},"4":{"start":{"line":143,"column":12},"end":{"line":143,"column":35}},"5":{"start":{"line":191,"column":0},"end":{"line":191,"column":null}}},"fnMap":{"0":{"name":"LandingPage","decl":{"start":{"line":3,"column":9},"end":{"line":3,"column":20}},"loc":{"start":{"line":3,"column":20},"end":{"line":189,"column":1}}},"1":{"name":"(anonymous_1)","decl":{"start":{"line":65,"column":22},"end":{"line":65,"column":23}},"loc":{"start":{"line":66,"column":18},"end":{"line":67,"column":null}}},"2":{"name":"(anonymous_2)","decl":{"start":{"line":115,"column":16},"end":{"line":115,"column":17}},"loc":{"start":{"line":116,"column":12},"end":{"line":117,"column":null}}},"3":{"name":"(anonymous_3)","decl":{"start":{"line":142,"column":16},"end":{"line":142,"column":17}},"loc":{"start":{"line":143,"column":12},"end":{"line":143,"column":35}}}},"branchMap":{},"s":{"0":0,"1":0,"2":0,"3":0,"4":0,"5":0},"f":{"0":0,"1":0,"2":0,"3":0},"b":{}}
,"/home/josh/IdeaProjects/event-Registration-System/frontend/src/pages/LoginPage.tsx": {"path":"/home/josh/IdeaProjects/event-Registration-System/frontend/src/pages/LoginPage.tsx","statementMap":{"0":{"start":{"line":1,"column":0},"end":{"line":1,"column":48}},"1":{"start":{"line":2,"column":0},"end":{"line":2,"column":38}},"2":{"start":{"line":3,"column":0},"end":{"line":3,"column":63}},"3":{"start":{"line":4,"column":0},"end":{"line":4,"column":49}},"4":{"start":{"line":5,"column":0},"end":{"line":5,"column":41}},"5":{"start":{"line":6,"column":0},"end":{"line":6,"column":53}},"6":{"start":{"line":7,"column":0},"end":{"line":7,"column":44}},"7":{"start":{"line":12,"column":20},"end":{"line":12,"column":29}},"8":{"start":{"line":13,"column":19},"end":{"line":13,"column":32}},"9":{"start":{"line":14,"column":74},"end":{"line":16,"column":4}},"10":{"start":{"line":18,"column":19},"end":{"line":41,"column":null}},"11":{"start":{"line":18,"column":45},"end":{"line":41,"column":null}},"12":{"start":{"line":19,"column":4},"end":{"line":40,"column":5}},"13":{"start":{"line":20,"column":38},"end":{"line":20,"column":58}},"14":{"start":{"line":21,"column":6},"end":{"line":21,"column":null}},"15":{"start":{"line":22,"column":6},"end":{"line":22,"column":null}},"16":{"start":{"line":24,"column":19},"end":{"line":24,"column":35}},"17":{"start":{"line":25,"column":22},"end":{"line":25,"column":null}},"18":{"start":{"line":26,"column":26},"end":{"line":26,"column":null}},"19":{"start":{"line":28,"column":6},"end":{"line":34,"column":7}},"20":{"start":{"line":29,"column":8},"end":{"line":29,"column":null}},"21":{"start":{"line":30,"column":13},"end":{"line":34,"column":7}},"22":{"start":{"line":31,"column":8},"end":{"line":31,"column":null}},"23":{"start":{"line":33,"column":8},"end":{"line":33,"column":null}},"24":{"start":{"line":37,"column":8},"end":{"line":38,"column":54}},"25":{"start":{"line":39,"column":6},"end":{"line":39,"column":null}},"26":{"start":{"line":43,"column":2},"end":{"line":99,"column":null}},"27":{"start":{"line":102,"column":0},"end":{"line":102,"column":null}}},"fnMap":{"0":{"name":"LoginPage","decl":{"start":{"line":11,"column":9},"end":{"line":11,"column":18}},"loc":{"start":{"line":11,"column":18},"end":{"line":100,"column":1}}},"1":{"name":"(anonymous_8)","decl":{"start":{"line":18,"column":19},"end":{"line":18,"column":26}},"loc":{"start":{"line":18,"column":45},"end":{"line":41,"column":null}}},"2":{"name":"(anonymous_9)","decl":{"start":{"line":18,"column":45},"end":{"line":18,"column":null}},"loc":{"start":{"line":18,"column":45},"end":{"line":41,"column":3}}}},"branchMap":{"0":{"loc":{"start":{"line":25,"column":22},"end":{"line":25,"column":null}},"type":"binary-expr","locations":[{"start":{"line":25,"column":22},"end":{"line":25,"column":57}},{"start":{"line":25,"column":61},"end":{"line":25,"column":91}}]},"1":{"loc":{"start":{"line":25,"column":22},"end":{"line":25,"c
[...]
,"/home/josh/IdeaProjects/event-Registration-System/frontend/src/pages/organizer/OrganizerEventsPage.tsx": {"path":"/home/josh/IdeaProjects/event-Registration-System/frontend/src/pages/organizer/OrganizerEventsPage.tsx","statementMap":{"0":{"start":{"line":8,"column":0},"end":{"line":8,"column":24}},"1":{"start":{"line":2,"column":0},"end":{"line":2,"column":35}},"2":{"start":{"line":3,"column":0},"end":{"line":3,"column":47}},"3":{"start":{"line":4,"column":0},"end":{"line":4,"column":54}},"4":{"start":{"line":5,"column":0},"end":{"line":5,"column":52}},"5":{"start":{"line":6,"column":0},"end":{"line":6,"column":48}},"6":{"start":{"line":9,"column":19},"end":{"line":9,"column":28}},"7":{"start":{"line":11,"column":55},"end":{"line":15,"column":4}},"8":{"start":{"line":17,"column":17},"end":{"line":17,"column":68}},"9":{"start":{"line":17,"column":41},"end":{"line":17,"column":68}},"10":{"start":{"line":19,"column":2},"end":{"line":25,"column":3}},"11":{"start":{"line":20,"column":4},"end":{"line":24,"column":null}},"12":{"start":{"line":27,"column":2},"end":{"line":80,"column":null}},"13":{"start":{"line":56,"column":12},"end":{"line":57,"column":null}}},"fnMap":{"0":{"name":"OrganizerEventsPage","decl":{"start":{"line":8,"column":24},"end":{"line":8,"column":43}},"loc":{"start":{"line":8,"column":43},"end":{"line":81,"column":1}}},"1":{"name":"(anonymous_1)","decl":{"start":{"line":17,"column":34},"end":{"line":17,"column":35}},"loc":{"start":{"line":17,"column":41},"end":{"line":17,"column":68}}},"2":{"name":"(anonymous_2)","decl":{"start":{"line":55,"column":22},"end":{"line":55,"column":23}},"loc":{"start":{"line":56,"column":12},"end":{"line":57,"column":null}}}},"branchMap":{"0":{"loc":{"start":{"line":11,"column":16},"end":{"line":11,"column":30}},"type":"default-arg","locations":[{"start":{"line":11,"column":28},"end":{"line":11,"column":30}}]},"1":{"loc":{"start":{"line":17,"column":59},"end":{"line":17,"column":67}},"type":"cond-expr","locations":[{"start":{"line":17,"column":63},"end":{"line":17,"column":65}},{"start":{"line":17,"column":59},"end":{"line":17,"column":67}}]},"2":{"loc":{"start":{"line":17,"column":59},"end":{"line":17,"column":65}},"type":"binary-expr","locations":[{"start":{"line":17,"column":59},"end":{"line":17,"column":65}},{"start":{"line":17,"column":59},"end":{"line":17,"column":65}}]},"3":{"loc":{"start":{"line":19,"column":2},"end":{"line":25,"column":3}},"type":"if","locations":[{"start":{"line":19,"column":2},"end":{"line":25,"column":3}},{"start":{},"end":{}}]},"4":{"loc":{"start":{"line":42,"column":7},"end":{"line":77,"column":null}},"type":"cond-expr","locations":[{"start":{"line":43,"column":8},"end":{"line":51,"column":null}},{"start":{"line":54,"column":8},"end":{"line":76,"column":null}}]}},"s":{"0":0,"1":0,"2":0,"3":0,"4":0,"5":0,"6":0,"7":0,"8":0,"9":0,"10":0,"11":0,"12":0,"13":0},"f":{"0":0,"1":0,"2":0},"b":{"0":[0],"1":[0,0],"2":[0,0],"3":[0,0],"4":[0,0]}}
,"/home/josh/IdeaProjects/event-Registration-System/frontend/src/pages/organizer/OrganizerLayout.tsx": {"path":"/home/josh/IdeaProjects/event-Registration-System/frontend/src/pages/organizer/OrganizerLayout.tsx","statementMap":{"0":{"start":{"line":3,"column":0},"end":{"line":3,"column":24}},"1":{"start":{"line":1,"column":0},"end":{"line":1,"column":46}},"2":{"start":{"line":4,"column":2},"end":{"line":34,"column":null}},"3":{"start":{"line":10,"column":12},"end":{"line":13,"column":23}},"4":{"start":{"line":22,"column":12},"end":{"line":25,"column":23}}},"fnMap":{"0":{"name":"OrganizerLayout","decl":{"start":{"line":3,"column":24},"end":{"line":3,"column":39}},"loc":{"start":{"line":3,"column":39},"end":{"line":35,"column":1}}},"1":{"name":"(anonymous_1)","decl":{"start":{"line":9,"column":21},"end":{"line":9,"column":22}},"loc":{"start":{"line":10,"column":12},"end":{"line":13,"column":23}}},"2":{"name":"(anonymous_2)","decl":{"start":{"line":21,"column":21},"end":{"line":21,"column":22}},"loc":{"start":{"line":22,"column":12},"end":{"line":25,"column":23}}}},"branchMap":{"0":{"loc":{"start":{"line":12,"column":14},"end":{"line":12,"column":110}},"type":"cond-expr","locations":[{"start":{"line":12,"column":25},"end":{"line":12,"column":51}},{"start":{"line":12,"column":54},"end":{"line":12,"column":110}}]},"1":{"loc":{"start":{"line":24,"column":14},"end":{"line":24,"column":110}},"type":"cond-expr","locations":[{"start":{"line":24,"column":25},"end":{"line":24,"column":51}},{"start":{"line":24,"column":54},"end":{"line":24,"column":110}}]}},"s":{"0":0,"1":0,"2":0,"3":0,"4":0},"f":{"0":0,"1":0,"2":0},"b":{"0":[0,0],"1":[0,0]}}
,"/home/josh/IdeaProjects/event-Registration-System/frontend/src/pages/registrant/DashboardPage.tsx": {"path":"/home/josh/IdeaProjects/event-Registration-System/frontend/src/pages/registrant/DashboardPage.tsx","statementMap":{"0":{"start":{"line":1,"column":0},"end":{"line":1,"column":43}},"1":{"start":{"line":2,"column":0},"end":{"line":2,"column":35}},"2":{"start":{"line":3,"column":0},"end":{"line":3,"column":38}},"3":{"start":{"line":4,"column":0},"end":{"line":4,"column":60}},"4":{"start":{"line":5,"column":0},"end":{"line":5,"column":48}},"5":{"start":{"line":8,"column":34},"end":{"line":8,"column":50}},"6":{"start":{"line":10,"column":59},"end":{"line":13,"column":4}},"7":{"start":{"line":15,"column":2},"end":{"line":30,"column":null}},"8":{"start":{"line":17,"column":18},"end":{"line":17,"column":47}},"9":{"start":{"line":18,"column":4},"end":{"line":29,"column":5}},"10":{"start":{"line":19,"column":6},"end":{"line":28,"column":7}},"11":{"start":{"line":20,"column":29},"end":{"line":20,"column":45}},"12":{"start":{"line":22,"column":8},"end":{"line":25,"column":9}},"13":{"start":{"line":23,"column":27},"end":{"line":23,"column":52}},"14":{"start":{"line":24,"column":10},"end":{"line":24,"column":null}},"15":{"start":{"line":32,"column":25},"end":{"line":32,"column":85}},"16":{"start":{"line":32,"column":53},"end":{"line":32,"column":77}},"17":{"start":{"line":34,"column":2},"end":{"line":99,"column":null}},"18":{"start":{"line":102,"column":0},"end":{"line":102,"column":null}}},"fnMap":{"0":{"name":"DashboardPage","decl":{"start":{"line":7,"column":9},"end":{"line":7,"column":22}},"loc":{"start":{"line":7,"column":22},"end":{"line":100,"column":1}}},"1":{"name":"(anonymous_1)","decl":{"start":{"line":15,"column":12},"end":{"line":15,"column":15}},"loc":{"start":{"line":15,"column":17},"end":{"line":30,"column":3}}},"2":{"name":"(anonymous_2)","decl":{"start":{"line":32,"column":46},"end":{"line":32,"column":47}},"loc":{"start":{"line":32,"column":53},"end":{"line":32,"column":77}}}},"branchMap":{"0":{"loc":{"start":{"line":10,"column":16},"end":{"line":10,"column":34}},"type":"default-arg","locations":[{"start":{"line":10,"column":32},"end":{"line":10,"column":34}}]},"1":{"loc":{"start":{"line":18,"column":4},"end":{"line":29,"column":5}},"type":"if","locations":[{"start":{"line":18,"column":4},"end":{"line":29,"column":5}},{"start":{},"end":{}}]},"2":{"loc":{"start":{"line":22,"column":8},"end":{"line":25,"column":9}},"type":"if","locations":[{"start":{"line":22,"column":8},"end":{"line":25,"column":9}},{"start":{},"end":{}}]},"3":{"loc":{"start":{"line":59,"column":15},"end":{"line":59,"column":45}},"type":"cond-expr","locations":[{"start":{"line":59,"column":25},"end":{"line":59,"column":28}},{"start":{"line":59,"column":31},"end":{"line":59,"column":45}}]}},"s":{"0":0,"1":0,"2":0,"3":0,"4":0,"5":0,"6":0,"7":0,"8":0,"9":0,"10":0,"11":0,"12":0,"13":0,"14":0,"15":0,"16":0,"17":0,"18":0},"f":{"0":0,"1":0,"2":0},"b":{"0":[0],"1":[0,0],"2":[0,0],"3":[0,0]}}
,"/home/josh/IdeaProjects/event-Registration-System/frontend/src/pages/registrant/MyRegistrationsPage.tsx": {"path":"/home/josh/IdeaProjects/event-Registration-System/frontend/src/pages/registrant/MyRegistrationsPage.tsx","statementMap":{"0":{"start":{"line":2,"column":0},"end":{"line":2,"column":41}},"1":{"start":{"line":3,"column":0},"end":{"line":3,"column":35}},"2":{"start":{"line":4,"column":0},"end":{"line":4,"column":80}},"3":{"start":{"line":5,"column":0},"end":{"line":5,"column":47}},"4":{"start":{"line":6,"column":0},"end":{"line":6,"column":68}},"5":{"start":{"line":7,"column":0},"end":{"line":7,"column":38}},"6":{"start":{"line":8,"column":0},"end":{"line":8,"column":51}},"7":{"start":{"line":9,"column":0},"end":{"line":9,"column":55}},"8":{"start":{"line":10,"column":0},"end":{"line":10,"column":77}},"9":{"start":{"line":14,"column":22},"end":{"line":14,"column":38}},"10":{"start":{"line":15,"column":40},"end":{"line":15,"column":69}},"11":{"start":{"line":18,"column":58},"end":{"line":21,"column":4}},"12":{"start":{"line":23,"column":54},"end":{"line":26,"column":4}},"13":{"start":{"line":28,"column":18},"end":{"line":28,"column":46}},"14":{"start":{"line":31,"column":24},"end":{"line":39,"column":20}},"15":{"start":{"line":32,"column":4},"end":{"line":32,"column":null}},"16":{"start":{"line":32,"column":26},"end":{"line":32,"column":null}},"17":{"start":{"line":33,"column":21},"end":{"line":33,"column":56}},"18":{"start":{"line":33,"column":45},"end":{"line":33,"column":54}},"19":{"start":{"line":34,"column":19},"end":{"line":37,"column":7}},"20":{"start":{"line":34,"column":35},"end":{"line":36,"column":null}},"21":{"start":{"line":38,"column":4},"end":{"line":38,"column":null}},"22":{"start":{"line":38,"column":33},"end":{"line":38,"column":112}},"23":{"start":{"line":42,"column":25},"end":{"line":51,"column":4}},"24":{"start":{"line":43,"column":32},"end":{"line":43,"column":54}},"25":{"start":{"line":45,"column":6},"end":{"line":45,"column":null}},"26":{"start":{"line":46,"column":6},"end":{"line":46,"column":null}},"27":{"start":{"line":49,"column":6},"end":{"line":49,"column":null}},"28":{"start":{"line":54,"column":23},"end":{"line":57,"column":3}},"29":{"start":{"line":55,"column":4},"end":{"line":55,"column":85}},"30":{"start":{"line":55,"column":79},"end":{"line":55,"column":85}},"31":{"start":{"line":56,"column":4},"end":{"line":56,"column":null}},"32":{"start":{"line":60,"column":23},"end":{"line":87,"column":null}},"33":{"start":{"line":60,"column":61},"end":{"line":87,"column":null}},"34":{"start":{"line":61,"column":4},"end":{"line":86,"column":5}},"35":{"start":{"line":62,"column":6},"end":{"line":62,"column":null}},"36":{"start":{"line":63,"column":27},"end":{"line":63,"column":58}},"37":{"start":{"line":65,"column":22},"end":{"line":77,"column":8}},"38":{"start":{"line":73,"column":14},"end":{"line":73,"column":null}},"39":{"start":{"line":74,"column":14},"end":{"line":74,"column":null}},"40":{"start":{"line":79,"column":18},"end":{"line":79,"column":55}},"41":{"start":{"line":80,"column":6},"end":{"line":82,"column":9}},"42":{"start":{"line":81,"column":10},"end":{"line":81,"column":71}},"43":{"start":{"line":83,"column":6},"end":{"line":83,"column":17}},"44":{"start":{"line":85,"column":6},"end":{"line":85,"column":null}},"45":{"start":{"line":90,"column":28},"end":{"line":98,"column":null}},"46":{"start":{"line":90,"column":52},"end":{"line":98,"column":null}},"47":{"start":{"line":91,"column":4},"end":{"line":97,"column":5}},"48":{"start":{"line":92,"column":6},"end":{"line":92,"column":null}},"49":{"start":{"line":93,"column":19},"end":{"line":93,"column":46}},"50":{"start":{"line":94,"column":6},"end":{"line":94,"column":null}},"51":{"start":{"line":96,"column":6},"end":{"line":96,"column":null}},"52":{"start":{"line":100,"column":2},"end":{"line":167,"column":null}},"53":{"start":{"line":129,"column":14},"end":{"line":140,"column":null}},"54":{"start":{"line":154,"column":31},"end":{"line":154,"column":51}},"55":{"start":{"line":170,"column":0},"end":{"line":170,"column":null}}},"fnMap":{"0":{"name":"MyRegistrationsPage","decl":{"start":{"line":12,"column":9},"end":{"line":12,"column":28}},"loc":{"start":{"line":12,"column":28},"end":{"line":168,"column":1}}},"1":{"name":"(anonymous_8)","decl":{"start":{"line":31,"column":32},"end":{"line":31,"column":35}},"loc":{"start":{"line":31,"column":37},"end":{"line":39,"column":3}}},"2":{"name":"(anonymous_9)","decl":{"start":{"line":33,"column":40},"end":{"line":33,"column":41}},"loc":{"start":{"line":33,"column":45},"end":{"line":33,"column":54}}},"3":{"name":"(anonymous_10)","decl":{"start":{"line":34,"column":28},"end":{"line":34,"column":31}},"loc":{"start":{"line":34,"column":35},"end":{"line":36,"column":null}}},"4":{"name":"(anonymous_11)","decl":{"start":{"line":38,"column":23},"end":{"line":38,"column":24}},"loc":{"start":{"line":38,"column":33},"end":{"line":38,"column":112}}},"5":{"name":"(anonymous_12)","decl":{"start":{"line":43,"column":16},"end":{"line":43,"column":17}},"loc":{"start":{"line":43,"column":32},"end":{"line":43,"column":54}}},"6":{"name":"(anonymous_13)","decl":{"start":{"line":44,"column":15},"end":{"line":44,"column":18}},"loc":{"start":{"line":44,"column":20},"end":{"line":47,"column":5}}},"7":{"name":"(anonymous_14)","decl":{"start":{"line":48,"column":13},"end":{"line":48,"column":16}},"loc":{"start":{"line":48,"column":18},"end":{"line":50,"column":5}}},"8":{"name":"(anonymous_15)","decl":{"start":{"line":54,"column":23},"end":{"line":54,"column":24}},"loc":{"start":{"line":54,"column":38},"end":{"line":57,"column":3}}},"9":{"name":"(anonymous_16)","decl":{"start":{"line":60,"column":23},"end":{"line":60,"column":30}},"loc":{"start":{"line":60,"column":61},"end":{"line":87,"column":null}}},"10":{"name":"(anonymous_17)","decl":{"start":{"line":60,"column":61},"end":{"line":60,"column":null}},"loc":{"start":{"line":60,"column":61},"end":{"line":87,"column":3}}},"11":{"name":"(anonymous_18)","decl":{"start":{"line":72,"column":19},"end":{"line":72,"column":null}},"loc":{"start":{"line":72,"column":19},"end":{"line":75,"column":11}}},"12":{"name":"(anonymous_19)","decl":{"start":{"line":80,"column":31},"end":{"line":80,"column":41}},"loc":{"start":{"line":80,"column":54},"end":{"line":82,"column":7}}},"13":{"name":"(anonymous_20)","decl":{"start":{"line":90,"column":28},"end":{"line":90,"column":35}},"loc":{"start":{"line":90,"column":52},"end":{"line":98,"column":null}}},"14":{"name":"(anonymous_21)","decl":{"start":{"line":90,"column":52},"end":{"line":90,"column":null}},"loc":{"start":{"line":90,"column":52},"end":{"line":98,"column":3}}},"15":{"name":"(anonymous_22)","decl":{"start":{"line":128,"column":31},"end":{"line":128,"column":32}},"loc":{"start":{"line":129,"column":14},"end":{"line":140,"column":null}}},"16":{"name":"(anonymous_23)","decl":{"start":{"line":154,"column":25},"end":{"line":154,"column":28}},"loc":{"start":{"line":154,"column":31},"end":{"line":154,"column":51}}}},"branchMap":{"0":{"loc":{"start":{"line":18,"column":16},"end":{"line":18,"column":27}},"type":"default-arg","locations":[{"start":{"line":18,"column":25},"end":{"line":18,"column":27}}]},"1":{"loc":{"start":{"line":23,"column":16},"end":{"line":23,"column":25}},"type":"default-arg","locations":[{"start":{"line":23,"column":23},"end":{"line":23,"column":25}}]},"2":{"loc":{"start":{"line":28,"column":18},"end":{"line":28,"column":46}},"type":"binary-expr","locations":[{"start":{"line":28,"column":18},"end":{"line":28,"column":31}},{"start":{"line":28,"column":35},"end":{"line":28,"column":46}}]},"3":{"loc":{"start":{"line":32,"column":4},"end":{"line":32,"column":null}},"type":"if","locations":[{"start":{"line":32,"column":4},"end":{"line":32,"column":null}},{"start":{},"end":{}}]},"4":{"loc":{"start":{"line":32,"column":8},"end":{"line":32,"column":24}},"type":"binary-expr","locations":[{"start":{"line":32,"column":8},"end":{"line":32,"column":13}},{"start":{"line":32,"column":17},"end":{"line":32,"column":24}}]},"5":{"loc":{"start":{"line":55,"column":4},"end":{"line":55,"column":85}},"type":"if","locations":[{"start":{"line":55,"column":4},"end":{"line":55,"column":85}},{"start":{},"end":{}}]},"6":{"loc":{"start":{"line":120,"column":9},"end":{"line":143,"column":null}},"type":"cond-expr","locations":[{"start":{"line":121,"column":10},"end":{"line":121,"column":84}},{"start":{"line":122,"column":12},"end":{"line":143,"column":null}}]},"7":{"loc":{"start":{"line":122,"column":12},"end":{"line":143,"column":null}},"type":"cond-expr","locations":[{"start":{"line":123,"column":10},"end":{"line":123,"column":null}},{"start":{"line":127,"column":10},"end":{"line":142,"column":null}}]},"8":{"loc":{"start":{"line":129,"column":14},"end":{"line":140,"column":null}},"type":"cond-expr","locations":[{"start":{"line":130,"column":16},"end":{"line":131,"column":null}},{"start":{"line":138,"column":16},"end":{"line":138,"column":34}}]},"9":{"loc":{"start":{"line":148,"column":7},"end":{"line":163,"column":null}},"type":"binary-expr","locations":[{"start":{"line":148,"column":7},"end":{"line":148,"column":18}},{"start":{"line":149,"column":8},"end":{"line":162,"column":null}}]}},"s":{"0":0,"1":0,"2":0,"3":0,"4":0,"5":0,"6":0,"7":0,"8":0,"9":0,"10":0,"11":0,"12":0,"13":0,"14":0,"15":0,"16":0,"17":0,"18":0,"19":0,"20":0,"21":0,"22":0,"23":0,"24":0,"25":0,"26":0,"27":0,"28":0,"29":0,"30":0,"31":0,"32":0,"33":0,"34":0,"35":0,"36":0,"37":0,"38":0,"39":0,"40":0,"41":0,"42":0,"43":0,"44":0,"45":0,"46":0,"47":0,"48":0,"49":0,"50":0,"51":0,"52":0,"53":0,"54":0,"55":0},"f":{"0":0,"1":0,"2":0,"3":0,"4":0,"5":0,"6":0,"7":0,"8":0,"9":0,"10":0,"11":0,"12":0,"13":0,"14":0,"15":0,"16":0},"b":{"0":[0],"1":[0],"2":[0,0],"3":[0,0],"4":[0,0],"5":[0,0],"6":[0,0],"7":[0,0],"8":[0,0],"9":[0,0]}}
,"/home/josh/IdeaProjects/event-Registration-System/frontend/src/pages/registrant/RegistrantLayout.tsx": {"path":"/home/josh/IdeaProjects/event-Registration-System/frontend/src/pages/registrant/RegistrantLayout.tsx","statementMap":{"0":{"start":{"line":3,"column":0},"end":{"line":3,"column":24}},"1":{"start":{"line":1,"column":0},"end":{"line":1,"column":46}},"2":{"start":{"line":4,"column":2},"end":{"line":34,"column":null}},"3":{"start":{"line":11,"column":12},"end":{"line":14,"column":23}},"4":{"start":{"line":22,"column":12},"end":{"line":25,"column":23}}},"fnMap":{"0":{"name":"RegistrantLayout","decl":{"start":{"line":3,"column":24},"end":{"line":3,"column":40}},"loc":{"start":{"line":3,"column":40},"end":{"line":35,"column":1}}},"1":{"name":"(anonymous_1)","decl":{"start":{"line":10,"column":21},"end":{"line":10,"column":22}},"loc":{"start":{"line":11,"column":12},"end":{"line":14,"column":23}}},"2":{"name":"(anonymous_2)","decl":{"start":{"line":21,"column":21},"end":{"line":21,"column":22}},"loc":{"start":{"line":22,"column":12},"end":{"line":25,"column":23}}}},"branchMap":{"0":{"loc":{"start":{"line":13,"column":14},"end":{"line":13,"column":110}},"type":"cond-expr","locations":[{"start":{"line":13,"column":25},"end":{"line":13,"column":51}},{"start":{"line":13,"column":54},"end":{"line":13,"column":110}}]},"1":{"loc":{"start":{"line":24,"column":14},"end":{"line":24,"column":110}},"type":"cond-expr","locations":[{"start":{"line":24,"column":25},"end":{"line":24,"column":51}},{"start":{"line":24,"column":54},"end":{"line":24,"column":110}}]}},"s":{"0":0,"1":0,"2":0,"3":0,"4":0},"f":{"0":0,"1":0,"2":0},"b":{"0":[0,0],"1":[0,0]}}
}
