TN:
SF:src/App.tsx
FN:4,App
FNF:1
FNH:0
FNDA:0,App
DA:1,0
DA:2,0
DA:3,0
DA:5,0
DA:18,0
LF:5
LH:0
BRF:0
BRH:0
end_of_record
TN:
SF:src/router.tsx
FNF:0
FNH:0
DA:1,0
DA:2,0
DA:3,0
DA:4,0
DA:5,0
DA:6,0
DA:7,0
DA:8,0
DA:9,0
DA:10,0
DA:11,0
DA:12,0
DA:13,0
DA:14,0
DA:15,0
DA:16,0
DA:17,0
DA:18,0
DA:19,0
DA:20,0
DA:21,0
DA:22,0
DA:23,0
DA:24,0
DA:25,0
DA:26,0
DA:28,0
DA:125,0
LF:28
LH:0
BRF:0
BRH:0
end_of_record
TN:
SF:src/Components/EventCard.tsx
FN:16,(anonymous_1)
FN:23,formatDate
FN:38,EventCard
FNF:3
FNH:0
FNDA:0,(anonymous_1)
FNDA:0,formatDate
FNDA:0,EventCard
DA:2,0
DA:4,0
DA:6,0
DA:11,0
DA:16,0
DA:17,0
DA:18,0
DA:19,0
DA:20,0
DA:24,0
DA:38,0
DA:39,0
DA:41,0
LF:13
LH:0
BRDA:18,0,0,0
BRDA:18,0,1,0
BRDA:19,1,0,0
BRDA:19,1,1,0
BRDA:39,2,0,0
BRDA:39,2,1,0
BRDA:42,3,0,0
BRDA:42,3,1,0
BRDA:71,4,0,0
BRDA:71,4,1,0
BRDA:84,5,0,0
BRDA:84,5,1,0
BRF:12
BRH:0
end_of_record
TN:
SF:src/Components/Navbar.tsx
FN:10,Navbar
FN:14,(anonymous_1)
FN:47,(anonymous_2)
FN:61,(anonymous_3)
FN:84,(anonymous_4)
FN:95,(anonymous_5)
FNF:6
FNH:6
FNDA:11,Navbar
FNDA:1,(anonymous_1)
FNDA:11,(anonymous_2)
FNDA:4,(anonymous_3)
FNDA:7,(anonymous_4)
FNDA:7,(anonymous_5)
DA:2,1
DA:3,1
DA:4,1
DA:11,11
DA:12,11
DA:14,11
DA:15,1
DA:16,1
DA:19,11
DA:20,11
DA:24,11
DA:26,11
DA:48,11
DA:62,4
DA:85,7
DA:96,7
DA:116,1
LF:17
LH:17
BRDA:10,0,0,9
BRDA:19,1,0,11
BRDA:19,1,1,11
BRDA:19,2,0,7
BRDA:19,2,1,4
BRDA:19,3,0,11
BRDA:19,3,1,11
BRDA:19,4,0,7
BRDA:19,4,1,4
BRDA:19,5,0,11
BRDA:19,5,1,4
BRDA:19,6,0,7
BRDA:19,6,1,4
BRDA:19,7,0,11
BRDA:19,7,1,11
BRDA:19,8,0,7
BRDA:19,8,1,4
BRDA:19,9,0,11
BRDA:19,9,1,4
BRDA:20,10,0,11
BRDA:20,10,1,10
BRDA:20,11,0,7
BRDA:20,11,1,4
BRDA:20,12,0,11
BRDA:20,12,1,11
BRDA:20,13,0,7
BRDA:20,13,1,4
BRDA:20,14,0,11
BRDA:20,14,1,4
BRDA:20,15,0,7
BRDA:20,15,1,3
BRDA:20,16,0,10
BRDA:20,16,1,10
BRDA:20,17,0,7
BRDA:20,17,1,3
BRDA:20,18,0,10
BRDA:20,18,1,3
BRDA:24,19,0,1
BRDA:24,19,1,10
BRDA:24,20,0,0
BRDA:24,20,1,10
BRDA:29,21,0,1
BRDA:29,21,1,10
BRDA:50,22,0,0
BRDA:50,22,1,11
BRDA:57,23,0,4
BRDA:57,23,1,7
BRDA:64,24,0,0
BRDA:64,24,1,4
BRDA:87,25,0,0
BRDA:87,25,1,7
BRDA:98,26,0,0
BRDA:98,26,1,7
BRF:53
BRH:48
end_of_record
TN:
SF:src/Components/ProtectedRoute.tsx
FN:8,(anonymous_0)
FN:20,(anonymous_1)
FN:22,(anonymous_2)
FNF:3
FNH:3
FNDA:6,(anonymous_0)
FNDA:3,(anonymous_1)
FNDA:3,(anonymous_2)
DA:1,1
DA:2,1
DA:8,1
DA:9,6
DA:11,6
DA:13,1
DA:17,5
DA:20,4
DA:22,4
DA:23,3
DA:26,4
DA:28,2
DA:33,3
DA:36,1
LF:14
LH:14
BRDA:11,0,0,1
BRDA:11,0,1,5
BRDA:17,1,0,4
BRDA:17,1,1,1
BRDA:17,2,0,5
BRDA:17,2,1,4
BRDA:20,3,0,4
BRDA:20,3,1,0
BRDA:20,4,0,0
BRDA:20,4,1,4
BRDA:20,5,0,4
BRDA:20,5,1,4
BRDA:20,6,0,0
BRDA:20,6,1,4
BRDA:20,7,0,4
BRDA:20,7,1,4
BRDA:26,8,0,2
BRDA:26,8,1,2
BRF:18
BRH:15
end_of_record
TN:
SF:src/Components/RegistrationCard.tsx
FN:19,RegistrationCard
FN:62,(anonymous_1)
FN:71,(anonymous_2)
FN:80,(anonymous_3)
FNF:4
FNH:3
FNDA:5,RegistrationCard
FNDA:1,(anonymous_1)
FNDA:0,(anonymous_2)
FNDA:1,(anonymous_3)
DA:2,1
DA:13,1
DA:19,1
DA:25,5
DA:26,1
DA:33,4
DA:62,1
DA:71,0
DA:80,1
LF:9
LH:8
BRDA:25,0,0,1
BRDA:25,0,1,4
BRDA:43,1,0,4
BRDA:43,1,1,0
BRDA:43,2,0,4
BRDA:43,2,1,4
BRDA:60,3,0,4
BRDA:60,3,1,2
BRDA:60,3,2,1
BRDA:69,4,0,4
BRDA:69,4,1,1
BRDA:69,4,2,0
BRDA:78,5,0,4
BRDA:78,5,1,3
BRDA:78,5,2,3
BRDA:78,5,3,1
BRF:16
BRH:14
end_of_record
TN:
SF:src/api/auth.ts
FN:15,login
FN:20,register
FN:25,refreshAccessToken
FN:30,fetchUserProfile
FN:35,updateProfile
FN:43,getAllUsers
FN:48,addOrganizer
FN:53,addRegistrant
FN:60,saveTokens
FN:71,clearTokens
FN:82,getToken
FN:88,isLoggedIn
FN:92,decodeToken
FN:99,(anonymous_29)
FN:108,getCurrentUser
FNF:15
FNH:6
FNDA:0,login
FNDA:0,register
FNDA:0,refreshAccessToken
FNDA:0,fetchUserProfile
FNDA:0,updateProfile
FNDA:0,getAllUsers
FNDA:0,addOrganizer
FNDA:0,addRegistrant
FNDA:2,saveTokens
FNDA:3,clearTokens
FNDA:31,getToken
FNDA:14,isLoggedIn
FNDA:6,decodeToken
FNDA:0,(anonymous_29)
FNDA:16,getCurrentUser
DA:1,4
DA:2,4
DA:15,4
DA:16,0
DA:17,0
DA:20,4
DA:21,0
DA:22,0
DA:25,4
DA:26,0
DA:27,0
DA:30,4
DA:31,0
DA:32,0
DA:35,4
DA:36,0
DA:37,0
DA:43,4
DA:44,0
DA:45,0
DA:48,4
DA:49,0
DA:50,0
DA:53,4
DA:54,0
DA:55,0
DA:60,4
DA:62,2
DA:63,2
DA:64,2
DA:65,2
DA:66,2
DA:67,2
DA:68,2
DA:71,4
DA:73,3
DA:74,3
DA:75,3
DA:76,3
DA:77,3
DA:78,3
DA:79,3
DA:82,4
DA:84,31
DA:85,0
DA:88,4
DA:89,14
DA:92,4
DA:93,6
DA:94,6
DA:95,6
DA:96,0
DA:99,0
DA:102,0
DA:104,6
DA:108,4
DA:109,16
DA:110,16
DA:111,6
DA:112,6
DA:113,0
DA:116,6
LF:62
LH:41
BRDA:84,0,0,11
BRDA:84,0,1,20
BRDA:84,1,0,31
BRDA:84,1,1,11
BRDA:110,2,0,10
BRDA:110,2,1,6
BRDA:112,3,0,0
BRDA:112,3,1,6
BRDA:113,4,0,0
BRDA:113,4,1,0
BRF:10
BRH:7
end_of_record
TN:
SF:src/api/axiosInstance.ts
FN:12,(anonymous_8)
FN:23,(anonymous_9)
FN:24,(anonymous_10)
FN:24,(anonymous_11)
FNF:4
FNH:0
FNDA:0,(anonymous_8)
FNDA:0,(anonymous_9)
FNDA:0,(anonymous_10)
FNDA:0,(anonymous_11)
DA:1,4
DA:2,4
DA:4,4
DA:12,4
DA:14,0
DA:15,0
DA:16,0
DA:18,0
DA:22,4
DA:23,0
DA:24,0
DA:25,0
DA:28,0
DA:29,0
DA:30,0
DA:33,0
DA:34,0
DA:36,0
DA:37,0
DA:38,0
DA:39,0
DA:42,0
DA:43,0
DA:46,0
DA:47,0
DA:51,0
DA:52,0
DA:56,0
DA:60,4
LF:29
LH:6
BRDA:15,0,0,0
BRDA:15,0,1,0
BRDA:28,1,0,0
BRDA:28,1,1,0
BRDA:28,2,0,0
BRDA:28,2,1,0
BRDA:28,3,0,0
BRDA:28,3,1,0
BRDA:28,4,0,0
BRDA:28,4,1,0
BRDA:29,5,0,0
BRDA:29,5,1,0
BRDA:29,6,0,0
BRDA:29,6,1,0
BRDA:29,7,0,0
BRDA:29,7,1,0
BRDA:29,8,0,0
BRDA:29,8,1,0
BRDA:29,9,0,0
BRDA:29,9,1,0
BRDA:29,10,0,0
BRDA:29,10,1,0
BRDA:36,11,0,0
BRDA:36,11,1,0
BRF:24
BRH:0
end_of_record
TN:
SF:src/api/endpoints.ts
FN:7,(anonymous_0)
FN:14,(anonymous_1)
FN:19,(anonymous_2)
FN:20,(anonymous_3)
FN:30,(anonymous_4)
FNF:5
FNH:3
FNDA:0,(anonymous_0)
FNDA:6,(anonymous_1)
FNDA:2,(anonymous_2)
FNDA:2,(anonymous_3)
FNDA:0,(anonymous_4)
DA:1,8
DA:7,0
DA:14,6
DA:19,2
DA:20,2
DA:30,0
LF:6
LH:4
BRF:0
BRH:0
end_of_record
TN:
SF:src/api/events.ts
FN:6,getAllEvents
FN:11,getEventById
FN:16,createEvent
FN:21,updateEvent
FN:26,deleteEvent
FNF:5
FNH:5
FNDA:3,getAllEvents
FNDA:3,getEventById
FNDA:2,createEvent
FNDA:1,updateEvent
FNDA:2,deleteEvent
DA:1,1
DA:2,1
DA:6,1
DA:7,3
DA:8,2
DA:11,1
DA:12,3
DA:13,2
DA:16,1
DA:17,2
DA:18,1
DA:21,1
DA:22,1
DA:23,1
DA:26,1
DA:27,2
LF:16
LH:16
BRF:0
BRH:0
end_of_record
TN:
SF:src/api/payments.ts
FN:6,createPaymentOrder
FNF:1
FNH:1
FNDA:4,createPaymentOrder
DA:1,1
DA:2,1
DA:6,1
DA:7,4
DA:8,2
LF:5
LH:5
BRF:0
BRH:0
end_of_record
TN:
SF:src/api/receipts.ts
FN:5,getReceiptHtml
FNF:1
FNH:0
FNDA:0,getReceiptHtml
DA:1,0
DA:2,0
DA:5,0
DA:6,0
DA:12,0
LF:5
LH:0
BRF:0
BRH:0
end_of_record
TN:
SF:src/api/registrations.ts
FN:6,getMyRegistrations
FN:11,createRegistration
FN:16,cancelRegistration
FN:21,getEventRegistrations
FN:26,getAllRegistrations
FNF:5
FNH:5
FNDA:3,getMyRegistrations
FNDA:2,createRegistration
FNDA:2,cancelRegistration
FNDA:2,getEventRegistrations
FNDA:2,getAllRegistrations
DA:1,1
DA:2,1
DA:6,1
DA:7,3
DA:8,2
DA:11,1
DA:12,2
DA:13,1
DA:16,1
DA:17,2
DA:18,1
DA:21,1
DA:22,2
DA:23,2
DA:26,1
DA:27,2
DA:28,1
LF:17
LH:17
BRF:0
BRH:0
end_of_record
TN:
SF:src/api/venues.ts
FN:6,getAllVenues
FN:11,addVenue
FNF:2
FNH:2
FNDA:3,getAllVenues
FNDA:2,addVenue
DA:1,1
DA:2,1
DA:6,1
DA:7,3
DA:8,2
DA:11,1
DA:12,2
DA:13,1
LF:8
LH:8
BRF:0
BRH:0
end_of_record
TN:
SF:src/contexts/AuthContext.tsx
FN:19,(anonymous_9)
FN:23,(anonymous_10)
FN:24,(anonymous_11)
FN:30,(anonymous_12)
FN:33,(anonymous_13)
FN:40,(anonymous_14)
FN:54,(anonymous_15)
FNF:7
FNH:7
FNDA:51,(anonymous_9)
FNDA:41,(anonymous_10)
FNDA:6,(anonymous_11)
FNDA:41,(anonymous_12)
FNDA:8,(anonymous_13)
FNDA:3,(anonymous_14)
FNDA:101,(anonymous_15)
DA:1,12
DA:2,12
DA:17,12
DA:19,12
DA:20,51
DA:21,51
DA:23,51
DA:24,41
DA:25,6
DA:26,6
DA:29,41
DA:30,41
DA:33,51
DA:34,8
DA:36,8
DA:37,8
DA:40,51
DA:41,3
DA:43,3
DA:44,3
DA:47,51
DA:54,12
DA:55,101
DA:56,101
DA:57,0
DA:59,101
LF:26
LH:25
BRDA:56,0,0,0
BRDA:56,0,1,101
BRF:2
BRH:1
end_of_record
TN:
SF:src/lib/schemas.ts
FNF:0
FNH:0
DA:1,9
DA:3,9
DA:8,9
DA:18,9
DA:25,9
DA:31,9
DA:37,9
LF:7
LH:7
BRF:0
BRH:0
end_of_record
TN:
SF:src/pages/ErrorPage.tsx
FN:4,ErrorPage
FN:21,(anonymous_1)
FNF:2
FNH:0
FNDA:0,ErrorPage
FNDA:0,(anonymous_1)
DA:1,0
DA:2,0
DA:4,0
DA:5,0
DA:7,0
DA:21,0
LF:6
LH:0
BRF:0
BRH:0
end_of_record
TN:
SF:src/pages/EventDetailPage.tsx
FN:20,formatDate
FN:31,SkeletonDetail
FN:38,(anonymous_9)
FN:47,EventDetailPage
FN:56,(anonymous_11)
FN:73,(anonymous_12)
FN:78,(anonymous_13)
FN:78,(anonymous_14)
FN:87,(anonymous_15)
FN:95,(anonymous_16)
FN:111,(anonymous_17)
FN:120,(anonymous_18)
FN:135,(anonymous_19)
FN:147,(anonymous_20)
FN:163,(anonymous_21)
FN:286,(anonymous_22)
FNF:16
FNH:0
FNDA:0,formatDate
FNDA:0,SkeletonDetail
FNDA:0,(anonymous_9)
FNDA:0,EventDetailPage
FNDA:0,(anonymous_11)
FNDA:0,(anonymous_12)
FNDA:0,(anonymous_13)
FNDA:0,(anonymous_14)
FNDA:0,(anonymous_15)
FNDA:0,(anonymous_16)
FNDA:0,(anonymous_17)
FNDA:0,(anonymous_18)
FNDA:0,(anonymous_19)
FNDA:0,(anonymous_20)
FNDA:0,(anonymous_21)
FNDA:0,(anonymous_22)
DA:2,0
DA:3,0
DA:4,0
DA:5,0
DA:6,0
DA:7,0
DA:8,0
DA:10,0
DA:15,0
DA:21,0
DA:32,0
DA:39,0
DA:48,0
DA:49,0
DA:50,0
DA:51,0
DA:54,0
DA:56,0
DA:61,0
DA:68,0
DA:69,0
DA:72,0
DA:73,0
DA:77,0
DA:78,0
DA:79,0
DA:80,0
DA:82,0
DA:83,0
DA:84,0
DA:87,0
DA:88,0
DA:96,0
DA:109,0
DA:111,0
DA:112,0
DA:114,0
DA:117,0
DA:122,0
DA:123,0
DA:124,0
DA:127,0
DA:128,0
DA:130,0
DA:132,0
DA:136,0
DA:137,0
DA:138,0
DA:140,0
DA:141,0
DA:147,0
DA:148,0
DA:149,0
DA:150,0
DA:151,0
DA:153,0
DA:156,0
DA:157,0
DA:159,0
DA:163,0
DA:286,0
DA:316,0
LF:62
LH:0
BRDA:68,0,0,0
BRDA:68,0,1,0
BRDA:69,1,0,0
BRDA:69,1,1,0
BRDA:72,2,0,0
BRDA:72,2,1,0
BRDA:72,3,0,0
BRDA:72,3,1,0
BRDA:72,4,0,0
BRDA:72,4,1,0
BRDA:73,5,0,0
BRDA:73,5,1,0
BRDA:73,5,2,0
BRDA:79,6,0,0
BRDA:79,6,1,0
BRDA:82,7,0,0
BRDA:82,7,1,0
BRDA:127,8,0,0
BRDA:127,8,1,0
BRDA:136,9,0,0
BRDA:136,9,1,0
BRDA:136,10,0,0
BRDA:136,10,1,0
BRDA:136,11,0,0
BRDA:136,11,1,0
BRDA:136,12,0,0
BRDA:136,12,1,0
BRDA:136,13,0,0
BRDA:136,13,1,0
BRDA:136,14,0,0
BRDA:136,14,1,0
BRDA:136,15,0,0
BRDA:136,15,1,0
BRDA:136,16,0,0
BRDA:136,16,1,0
BRDA:136,17,0,0
BRDA:136,17,1,0
BRDA:137,18,0,0
BRDA:137,18,1,0
BRDA:140,19,0,0
BRDA:140,19,1,0
BRDA:148,20,0,0
BRDA:148,20,1,0
BRDA:157,21,0,0
BRDA:157,21,1,0
BRDA:169,22,0,0
BRDA:169,22,1,0
BRDA:171,23,0,0
BRDA:171,23,1,0
BRDA:171,23,2,0
BRDA:181,24,0,0
BRDA:181,24,1,0
BRDA:181,24,2,0
BRDA:210,25,0,0
BRDA:210,25,1,0
BRDA:232,26,0,0
BRDA:232,26,1,0
BRDA:234,27,0,0
BRDA:234,27,1,0
BRDA:250,28,0,0
BRDA:250,28,1,0
BRDA:268,29,0,0
BRDA:268,29,1,0
BRDA:268,30,0,0
BRDA:268,30,1,0
BRDA:275,31,0,0
BRDA:275,31,1,0
BRDA:279,32,0,0
BRDA:279,32,1,0
BRDA:291,33,0,0
BRDA:291,33,1,0
BRDA:301,34,0,0
BRDA:301,34,1,0
BRF:73
BRH:0
end_of_record
TN:
SF:src/pages/EventsPage.tsx
FN:15,SkeletonCard
FN:34,EventsPage
FN:46,(anonymous_2)
FN:67,(anonymous_3)
FN:73,(anonymous_4)
FN:83,(anonymous_5)
FN:86,(anonymous_6)
FN:110,(anonymous_7)
FN:122,(anonymous_8)
FNF:9
FNH:9
FNDA:54,SkeletonCard
FNDA:23,EventsPage
FNDA:36,(anonymous_2)
FNDA:2,(anonymous_3)
FNDA:1,(anonymous_4)
FNDA:46,(anonymous_5)
FNDA:3,(anonymous_6)
FNDA:54,(anonymous_7)
FNDA:27,(anonymous_8)
DA:2,1
DA:3,1
DA:4,1
DA:5,1
DA:7,1
DA:9,1
DA:16,54
DA:35,23
DA:36,23
DA:39,23
DA:44,23
DA:46,23
DA:47,36
DA:48,36
DA:49,36
DA:52,23
DA:67,2
DA:73,1
DA:84,46
DA:86,3
DA:111,54
DA:123,27
DA:131,1
LF:23
LH:23
BRDA:39,0,0,10
BRDA:44,1,0,1
BRDA:44,1,1,22
BRDA:48,2,0,36
BRDA:48,2,1,9
BRDA:49,3,0,36
BRDA:49,3,1,31
BRDA:76,4,0,20
BRDA:76,4,1,3
BRDA:89,5,0,3
BRDA:89,5,1,43
BRDA:101,6,0,23
BRDA:101,6,1,1
BRDA:108,7,0,9
BRDA:108,7,1,14
BRDA:114,8,0,3
BRDA:114,8,1,11
BRF:17
BRH:17
end_of_record
TN:
SF:src/pages/HomeLayout.tsx
FN:5,HomeLayout
FNF:1
FNH:0
FNDA:0,HomeLayout
DA:2,0
DA:3,0
DA:6,0
DA:33,0
LF:4
LH:0
BRF:0
BRH:0
end_of_record
TN:
SF:src/pages/LandingPage.tsx
FN:3,LandingPage
FN:65,(anonymous_1)
FN:115,(anonymous_2)
FN:142,(anonymous_3)
FNF:4
FNH:0
FNDA:0,LandingPage
FNDA:0,(anonymous_1)
FNDA:0,(anonymous_2)
FNDA:0,(anonymous_3)
DA:1,0
DA:4,0
DA:66,0
DA:116,0
DA:143,0
DA:191,0
LF:6
LH:0
BRF:0
BRH:0
end_of_record
TN:
SF:src/pages/LoginPage.tsx
FN:11,LoginPage
FN:18,(anonymous_8)
FN:18,(anonymous_9)
FNF:3
FNH:3
FNDA:42,LoginPage
FNDA:9,(anonymous_8)
FNDA:9,(anonymous_9)
DA:1,3
DA:2,3
DA:3,3
DA:4,3
DA:5,3
DA:6,3
DA:7,3
DA:12,42
DA:13,42
DA:14,42
DA:18,42
DA:19,9
DA:20,9
DA:21,7
DA:22,7
DA:24,7
DA:25,7
DA:26,7
DA:28,7
DA:29,2
DA:30,5
DA:31,1
DA:33,4
DA:37,2
DA:39,2
DA:43,42
DA:102,3
LF:27
LH:27
BRDA:25,0,0,7
BRDA:25,0,1,5
BRDA:25,1,0,2
BRDA:25,1,1,5
BRDA:25,2,0,7
BRDA:25,2,1,7
BRDA:25,3,0,0
BRDA:25,3,1,7
BRDA:25,4,0,7
BRDA:25,4,1,7
BRDA:25,5,0,2
BRDA:25,5,1,3
BRDA:25,6,0,5
BRDA:25,6,1,5
BRDA:25,7,0,0
BRDA:25,7,1,5
BRDA:25,8,0,5
BRDA:25,8,1,5
BRDA:26,9,0,7
BRDA:26,9,1,5
BRDA:26,10,0,2
BRDA:26,10,1,5
BRDA:26,11,0,7
BRDA:26,11,1,7
BRDA:26,12,0,0
BRDA:26,12,1,7
BRDA:26,13,0,7
BRDA:26,13,1,7
BRDA:26,14,0,2
BRDA:26,14,1,3
BRDA:26,15,0,5
BRDA:26,15,1,5
BRDA:26,16,0,0
BRDA:26,16,1,5
BRDA:26,17,0,5
BRDA:26,17,1,5
BRDA:28,18,0,2
BRDA:28,18,1,5
BRDA:30,19,0,1
BRDA:30,19,1,4
BRDA:37,20,0,2
BRDA:37,20,1,1
BRDA:37,21,0,1
BRDA:37,21,1,1
BRDA:37,22,0,2
BRDA:37,22,1,2
BRDA:37,23,0,1
BRDA:37,23,1,1
BRDA:37,24,0,2
BRDA:37,24,1,2
BRDA:37,25,0,0
BRDA:37,25,1,2
BRDA:37,26,0,2
BRDA:37,26,1,2
BRDA:64,27,0,42
BRDA:64,27,1,1
BRDA:79,28,0,42
BRDA:79,28,1,1
BRDA:87,29,0,10
BRDA:87,29,1,32
BRF:60
BRH:55
end_of_record
TN:
SF:src/pages/RegisterPage.tsx
FN:18,RegisterPage
FN:29,(anonymous_8)
FN:29,(anonymous_9)
FNF:3
FNH:3
FNDA:10,RegisterPage
FNDA:1,(anonymous_8)
FNDA:1,(anonymous_9)
DA:1,2
DA:2,2
DA:3,2
DA:4,2
DA:5,2
DA:6,2
DA:19,10
DA:24,10
DA:29,10
DA:30,1
DA:31,1
DA:40,1
DA:41,1
DA:44,0
DA:47,0
DA:51,10
DA:179,2
LF:17
LH:15
BRDA:44,0,0,0
BRDA:44,0,1,0
BRDA:44,0,2,0
BRDA:44,1,0,0
BRDA:44,1,1,0
BRDA:44,2,0,0
BRDA:44,2,1,0
BRDA:44,3,0,0
BRDA:44,3,1,0
BRDA:44,4,0,0
BRDA:44,4,1,0
BRDA:44,5,0,0
BRDA:44,5,1,0
BRDA:44,6,0,0
BRDA:44,6,1,0
BRDA:45,7,0,0
BRDA:45,7,1,0
BRDA:45,8,0,0
BRDA:45,8,1,0
BRDA:71,9,0,10
BRDA:71,9,1,1
BRDA:85,10,0,10
BRDA:85,10,1,1
BRDA:99,11,0,10
BRDA:99,11,1,1
BRDA:115,12,0,10
BRDA:115,12,1,1
BRDA:129,13,0,10
BRDA:129,13,1,1
BRDA:142,14,0,10
BRDA:142,14,1,1
BRDA:164,15,0,2
BRDA:164,15,1,8
BRF:33
BRH:14
end_of_record
TN:
SF:src/pages/UnauthorizedPage.tsx
FN:4,UnauthorizedPage
FN:21,(anonymous_1)
FNF:2
FNH:0
FNDA:0,UnauthorizedPage
FNDA:0,(anonymous_1)
DA:1,0
DA:2,0
DA:4,0
DA:5,0
DA:7,0
DA:21,0
LF:6
LH:0
BRF:0
BRH:0
end_of_record
TN:
SF:src/pages/UserProfilePage.tsx
FN:12,UserProfilePage
FN:24,(anonymous_1)
FN:29,(anonymous_2)
FN:41,(anonymous_3)
FN:42,(anonymous_4)
FN:47,(anonymous_5)
FN:52,(anonymous_6)
FN:54,(anonymous_7)
FN:99,(anonymous_8)
FNF:9
FNH:8
FNDA:19,UserProfilePage
FNDA:5,(anonymous_1)
FNDA:7,(anonymous_2)
FNDA:1,(anonymous_3)
FNDA:1,(anonymous_4)
FNDA:0,(anonymous_5)
FNDA:1,(anonymous_6)
FNDA:1,(anonymous_7)
FNDA:2,(anonymous_8)
DA:2,2
DA:3,2
DA:4,2
DA:5,2
DA:6,2
DA:7,2
DA:8,2
DA:9,2
DA:10,2
DA:12,2
DA:13,19
DA:14,19
DA:15,19
DA:17,19
DA:22,19
DA:24,5
DA:29,19
DA:30,7
DA:31,3
DA:40,19
DA:41,1
DA:43,1
DA:44,1
DA:45,1
DA:48,0
DA:52,19
DA:54,19
DA:55,1
DA:56,1
DA:59,19
DA:60,19
DA:62,19
DA:63,8
DA:70,11
DA:71,0
DA:78,11
DA:99,2
LF:37
LH:35
BRDA:23,0,0,0
BRDA:23,0,1,19
BRDA:23,1,0,19
BRDA:23,1,1,19
BRDA:25,2,0,0
BRDA:25,2,1,19
BRDA:25,3,0,19
BRDA:25,3,1,19
BRDA:30,4,0,3
BRDA:30,4,1,4
BRDA:32,5,0,3
BRDA:32,5,1,0
BRDA:33,6,0,3
BRDA:33,6,1,0
BRDA:34,7,0,3
BRDA:34,7,1,0
BRDA:35,8,0,3
BRDA:35,8,1,0
BRDA:43,9,0,0
BRDA:43,9,1,1
BRDA:43,10,0,1
BRDA:43,10,1,1
BRDA:48,11,0,0
BRDA:48,11,1,0
BRDA:48,12,0,0
BRDA:48,12,1,0
BRDA:48,13,0,0
BRDA:48,13,1,0
BRDA:48,14,0,0
BRDA:48,14,1,0
BRDA:48,15,0,0
BRDA:48,15,1,0
BRDA:56,16,0,1
BRDA:56,16,1,0
BRDA:56,17,0,1
BRDA:56,17,1,0
BRDA:56,18,0,1
BRDA:56,18,1,0
BRDA:56,19,0,1
BRDA:56,19,1,0
BRDA:56,20,0,1
BRDA:56,20,1,0
BRDA:60,21,0,0
BRDA:60,21,1,19
BRDA:60,22,0,0
BRDA:60,22,1,19
BRDA:62,23,0,8
BRDA:62,23,1,11
BRDA:70,24,0,0
BRDA:70,24,1,11
BRDA:70,25,0,11
BRDA:70,25,1,11
BRDA:73,26,0,0
BRDA:73,26,1,0
BRDA:99,27,0,3
BRDA:99,27,1,8
BRDA:102,28,0,3
BRDA:102,28,1,8
BRDA:112,29,0,3
BRDA:112,29,1,8
BRDA:122,30,0,3
BRDA:122,30,1,0
BRDA:143,31,0,3
BRDA:143,31,1,0
BRDA:154,32,0,3
BRDA:154,32,1,0
BRDA:164,33,0,3
BRDA:164,33,1,0
BRDA:174,34,0,1
BRDA:174,34,1,2
BRDA:192,35,0,8
BRDA:192,35,1,0
BRDA:200,36,0,8
BRDA:200,36,1,0
BRDA:208,37,0,8
BRDA:208,37,1,0
BRF:76
BRH:42
end_of_record
TN:
SF:src/pages/admin/AdminDashboardPage.tsx
FN:9,AdminDashboardPage
FN:19,(anonymous_1)
FN:20,(anonymous_2)
FNF:3
FNH:0
FNDA:0,AdminDashboardPage
FNDA:0,(anonymous_1)
FNDA:0,(anonymous_2)
DA:1,0
DA:2,0
DA:3,0
DA:4,0
DA:5,0
DA:6,0
DA:7,0
DA:9,0
DA:10,0
DA:11,0
DA:12,0
DA:13,0
DA:15,0
DA:17,0
DA:19,0
DA:20,0
DA:26,0
DA:27,0
DA:34,0
LF:19
LH:0
BRDA:10,0,0,0
BRDA:11,1,0,0
BRDA:12,2,0,0
BRDA:13,3,0,0
BRDA:15,4,0,0
BRDA:15,4,1,0
BRDA:15,4,2,0
BRDA:15,4,3,0
BRDA:26,5,0,0
BRDA:26,5,1,0
BRF:10
BRH:0
end_of_record
TN:
SF:src/pages/admin/AdminEventsPage.tsx
FN:6,AdminEventsPage
FN:33,(anonymous_1)
FNF:2
FNH:0
FNDA:0,AdminEventsPage
FNDA:0,(anonymous_1)
DA:1,0
DA:2,0
DA:3,0
DA:4,0
DA:6,0
DA:7,0
DA:9,0
DA:10,0
DA:17,0
DA:34,0
LF:10
LH:0
BRDA:7,0,0,0
BRDA:9,1,0,0
BRDA:9,1,1,0
BRDA:26,2,0,0
BRDA:26,2,1,0
BRF:5
BRH:0
end_of_record
TN:
SF:src/pages/admin/AdminLayout.tsx
FN:11,AdminLayout
FN:15,(anonymous_1)
FN:19,(anonymous_2)
FNF:3
FNH:0
FNDA:0,AdminLayout
FNDA:0,(anonymous_1)
FNDA:0,(anonymous_2)
DA:1,0
DA:3,0
DA:11,0
DA:12,0
DA:16,0
DA:20,0
LF:6
LH:0
BRDA:22,0,0,0
BRDA:22,0,1,0
BRF:2
BRH:0
end_of_record
TN:
SF:src/pages/admin/AdminRegistrationsPage.tsx
FN:12,AdminRegistrationsPage
FN:15,(anonymous_8)
FN:15,(anonymous_9)
FN:21,(anonymous_10)
FN:23,(anonymous_11)
FN:23,(anonymous_12)
FN:38,(anonymous_13)
FN:73,(anonymous_14)
FNF:8
FNH:0
FNDA:0,AdminRegistrationsPage
FNDA:0,(anonymous_8)
FNDA:0,(anonymous_9)
FNDA:0,(anonymous_10)
FNDA:0,(anonymous_11)
FNDA:0,(anonymous_12)
FNDA:0,(anonymous_13)
FNDA:0,(anonymous_14)
DA:2,0
DA:3,0
DA:4,0
DA:5,0
DA:12,0
DA:13,0
DA:15,0
DA:16,0
DA:21,0
DA:22,0
DA:23,0
DA:25,0
DA:26,0
DA:28,0
DA:30,0
DA:38,0
DA:39,0
DA:43,0
DA:44,0
DA:51,0
DA:73,0
LF:21
LH:0
BRDA:13,0,0,0
BRDA:43,1,0,0
BRDA:43,1,1,0
BRDA:77,2,0,0
BRDA:77,2,1,0
BRDA:77,3,0,0
BRDA:77,3,1,0
BRDA:77,4,0,0
BRDA:77,4,1,0
BRDA:81,5,0,0
BRDA:81,5,1,0
BRDA:81,6,0,0
BRDA:81,6,1,0
BRDA:81,7,0,0
BRDA:81,7,1,0
BRDA:82,8,0,0
BRDA:82,8,1,0
BRDA:82,9,0,0
BRDA:82,9,1,0
BRDA:82,10,0,0
BRDA:82,10,1,0
BRDA:91,11,0,0
BRDA:91,11,1,0
BRDA:92,12,0,0
BRDA:92,12,1,0
BRDA:103,13,0,0
BRDA:103,13,1,0
BRF:27
BRH:0
end_of_record
TN:
SF:src/pages/admin/AdminUsersPage.tsx
FN:11,AdminUsersPage
FN:23,(anonymous_1)
FN:24,(anonymous_2)
FN:30,(anonymous_3)
FN:35,(anonymous_4)
FN:45,(anonymous_5)
FN:114,(anonymous_6)
FNF:7
FNH:0
FNDA:0,AdminUsersPage
FNDA:0,(anonymous_1)
FNDA:0,(anonymous_2)
FNDA:0,(anonymous_3)
FNDA:0,(anonymous_4)
FNDA:0,(anonymous_5)
FNDA:0,(anonymous_6)
DA:1,0
DA:2,0
DA:3,0
DA:4,0
DA:5,0
DA:6,0
DA:7,0
DA:11,0
DA:12,0
DA:13,0
DA:15,0
DA:17,0
DA:22,0
DA:23,0
DA:25,0
DA:26,0
DA:27,0
DA:28,0
DA:31,0
DA:35,0
DA:37,0
DA:45,0
DA:115,0
LF:23
LH:0
BRDA:13,0,0,0
BRDA:23,1,0,0
BRDA:23,1,1,0
BRDA:48,2,0,0
BRDA:48,2,1,0
BRDA:52,3,0,0
BRDA:52,3,1,0
BRDA:65,4,0,0
BRDA:65,4,1,0
BRDA:75,5,0,0
BRDA:75,5,1,0
BRDA:92,6,0,0
BRDA:92,6,1,0
BRDA:98,7,0,0
BRDA:98,7,1,0
BRDA:117,8,0,0
BRDA:117,8,1,0
BRDA:121,9,0,0
BRDA:121,9,1,0
BRDA:122,10,0,0
BRDA:122,10,1,0
BRDA:138,11,0,0
BRDA:138,11,1,0
BRF:23
BRH:0
end_of_record
TN:
SF:src/pages/admin/AdminVenuesPage.tsx
FN:11,AdminVenuesPage
FN:24,(anonymous_1)
FN:31,(anonymous_2)
FN:36,(anonymous_3)
FN:46,(anonymous_4)
FN:115,(anonymous_5)
FNF:6
FNH:0
FNDA:0,AdminVenuesPage
FNDA:0,(anonymous_1)
FNDA:0,(anonymous_2)
FNDA:0,(anonymous_3)
FNDA:0,(anonymous_4)
FNDA:0,(anonymous_5)
DA:1,0
DA:2,0
DA:3,0
DA:4,0
DA:5,0
DA:6,0
DA:7,0
DA:11,0
DA:12,0
DA:13,0
DA:15,0
DA:17,0
DA:22,0
DA:25,0
DA:26,0
DA:27,0
DA:28,0
DA:29,0
DA:32,0
DA:36,0
DA:38,0
DA:46,0
DA:116,0
LF:23
LH:0
BRDA:13,0,0,0
BRDA:49,1,0,0
BRDA:49,1,1,0
BRDA:53,2,0,0
BRDA:53,2,1,0
BRDA:66,3,0,0
BRDA:66,3,1,0
BRDA:76,4,0,0
BRDA:76,4,1,0
BRDA:86,5,0,0
BRDA:86,5,1,0
BRDA:93,6,0,0
BRDA:93,6,1,0
BRDA:99,7,0,0
BRDA:99,7,1,0
BRDA:122,8,0,0
BRDA:122,8,1,0
BRDA:129,9,0,0
BRDA:129,9,1,0
BRF:19
BRH:0
end_of_record
TN:
SF:src/pages/organizer/EventAttendeesPage.tsx
FN:12,EventAttendeesPage
FN:16,(anonymous_8)
FN:22,(anonymous_9)
FN:22,(anonymous_10)
FN:25,(anonymous_11)
FN:25,(anonymous_12)
FN:73,(anonymous_13)
FNF:7
FNH:0
FNDA:0,EventAttendeesPage
FNDA:0,(anonymous_8)
FNDA:0,(anonymous_9)
FNDA:0,(anonymous_10)
FNDA:0,(anonymous_11)
FNDA:0,(anonymous_12)
FNDA:0,(anonymous_13)
DA:2,0
DA:3,0
DA:4,0
DA:5,0
DA:6,0
DA:12,0
DA:13,0
DA:14,0
DA:16,0
DA:20,0
DA:22,0
DA:23,0
DA:24,0
DA:25,0
DA:26,0
DA:27,0
DA:28,0
DA:30,0
DA:38,0
DA:40,0
DA:41,0
DA:44,0
DA:73,0
LF:23
LH:0
BRDA:20,0,0,0
BRDA:38,1,0,0
BRDA:38,1,1,0
BRDA:40,2,0,0
BRDA:40,2,1,0
BRDA:51,3,0,0
BRDA:51,3,1,0
BRDA:59,4,0,0
BRDA:59,4,1,0
BRDA:77,5,0,0
BRDA:77,5,1,0
BRDA:77,6,0,0
BRDA:77,6,1,0
BRDA:77,7,0,0
BRDA:77,7,1,0
BRDA:81,8,0,0
BRDA:81,8,1,0
BRDA:81,9,0,0
BRDA:81,9,1,0
BRDA:81,10,0,0
BRDA:81,10,1,0
BRDA:82,11,0,0
BRDA:82,11,1,0
BRDA:82,12,0,0
BRDA:82,12,1,0
BRDA:82,13,0,0
BRDA:82,13,1,0
BRDA:92,14,0,0
BRDA:92,14,1,0
BRDA:94,15,0,0
BRDA:94,15,1,0
BRF:31
BRH:0
end_of_record
TN:
SF:src/pages/organizer/ManageEventPage.tsx
FN:24,ManageEventPage
FN:49,(anonymous_1)
FN:61,(anonymous_2)
FN:77,(anonymous_3)
FN:84,(anonymous_4)
FN:85,(anonymous_5)
FN:90,(anonymous_6)
FN:96,(anonymous_7)
FN:97,(anonymous_8)
FN:102,(anonymous_9)
FN:107,(anonymous_10)
FN:109,(anonymous_11)
FN:198,(anonymous_12)
FNF:13
FNH:8
FNDA:15,ManageEventPage
FNDA:2,(anonymous_1)
FNDA:6,(anonymous_2)
FNDA:12,(anonymous_3)
FNDA:1,(anonymous_4)
FNDA:1,(anonymous_5)
FNDA:0,(anonymous_6)
FNDA:0,(anonymous_7)
FNDA:0,(anonymous_8)
FNDA:0,(anonymous_9)
FNDA:1,(anonymous_10)
FNDA:0,(anonymous_11)
FNDA:7,(anonymous_12)
DA:2,1
DA:3,1
DA:4,1
DA:5,1
DA:6,1
DA:7,1
DA:8,1
DA:9,1
DA:10,1
DA:11,1
DA:24,1
DA:25,15
DA:26,15
DA:27,15
DA:28,15
DA:30,15
DA:31,15
DA:33,15
DA:47,15
DA:49,2
DA:53,15
DA:58,15
DA:61,15
DA:62,6
DA:63,2
DA:77,15
DA:78,12
DA:79,2
DA:83,15
DA:84,1
DA:86,1
DA:87,1
DA:88,1
DA:91,0
DA:95,15
DA:96,0
DA:98,0
DA:99,0
DA:100,0
DA:103,0
DA:107,15
DA:109,15
DA:110,0
DA:111,0
DA:114,15
DA:116,15
DA:117,8
DA:120,7
DA:199,7
LF:49
LH:41
BRDA:28,0,0,8
BRDA:28,0,1,7
BRDA:42,1,0,15
BRDA:42,1,1,0
BRDA:42,2,0,0
BRDA:42,2,1,15
BRDA:42,3,0,15
BRDA:42,3,1,15
BRDA:50,4,0,15
BRDA:50,4,1,8
BRDA:53,5,0,8
BRDA:58,6,0,15
BRDA:58,6,1,11
BRDA:62,7,0,2
BRDA:62,7,1,4
BRDA:66,8,0,0
BRDA:66,8,1,2
BRDA:78,9,0,2
BRDA:78,9,1,10
BRDA:78,10,0,12
BRDA:78,10,1,6
BRDA:84,11,0,0
BRDA:84,11,1,1
BRDA:84,12,0,1
BRDA:84,12,1,0
BRDA:87,13,0,0
BRDA:87,13,1,1
BRDA:91,14,0,0
BRDA:91,14,1,0
BRDA:91,15,0,0
BRDA:91,15,1,0
BRDA:91,16,0,0
BRDA:91,16,1,0
BRDA:91,17,0,0
BRDA:91,17,1,0
BRDA:91,18,0,0
BRDA:91,18,1,0
BRDA:110,19,0,0
BRDA:110,19,1,0
BRDA:116,20,0,8
BRDA:116,20,1,7
BRDA:131,21,0,4
BRDA:131,21,1,3
BRDA:133,22,0,7
BRDA:133,22,1,4
BRDA:153,23,0,7
BRDA:153,23,1,0
BRDA:164,24,0,7
BRDA:164,24,1,0
BRDA:175,25,0,7
BRDA:175,25,1,0
BRDA:195,26,0,0
BRDA:195,26,1,7
BRDA:232,27,0,0
BRDA:232,27,1,7
BRDA:232,28,0,4
BRDA:232,28,1,3
BRF:57
BRH:34
end_of_record
TN:
SF:src/pages/organizer/OrganizerDashboard.tsx
FN:6,OrganizerDashboard
FN:15,(anonymous_1)
FN:18,(anonymous_2)
FNF:3
FNH:0
FNDA:0,OrganizerDashboard
FNDA:0,(anonymous_1)
FNDA:0,(anonymous_2)
DA:1,0
DA:2,0
DA:3,0
DA:4,0
DA:6,0
DA:7,0
DA:9,0
DA:15,0
DA:16,0
DA:18,0
DA:21,0
LF:11
LH:0
BRDA:9,0,0,0
BRDA:15,1,0,0
BRDA:15,1,1,0
BRDA:15,2,0,0
BRDA:15,2,1,0
BRF:5
BRH:0
end_of_record
TN:
SF:src/pages/organizer/OrganizerEventsPage.tsx
FN:8,OrganizerEventsPage
FN:17,(anonymous_1)
FN:55,(anonymous_2)
FNF:3
FNH:0
FNDA:0,OrganizerEventsPage
FNDA:0,(anonymous_1)
FNDA:0,(anonymous_2)
DA:2,0
DA:3,0
DA:4,0
DA:5,0
DA:6,0
DA:8,0
DA:9,0
DA:11,0
DA:17,0
DA:19,0
DA:20,0
DA:27,0
DA:56,0
LF:13
LH:0
BRDA:11,0,0,0
BRDA:17,1,0,0
BRDA:17,1,1,0
BRDA:17,2,0,0
BRDA:17,2,1,0
BRDA:19,3,0,0
BRDA:19,3,1,0
BRDA:42,4,0,0
BRDA:42,4,1,0
BRF:9
BRH:0
end_of_record
TN:
SF:src/pages/organizer/OrganizerLayout.tsx
FN:3,OrganizerLayout
FN:9,(anonymous_1)
FN:21,(anonymous_2)
FNF:3
FNH:0
FNDA:0,OrganizerLayout
FNDA:0,(anonymous_1)
FNDA:0,(anonymous_2)
DA:1,0
DA:3,0
DA:4,0
DA:10,0
DA:22,0
LF:5
LH:0
BRDA:12,0,0,0
BRDA:12,0,1,0
BRDA:24,1,0,0
BRDA:24,1,1,0
BRF:4
BRH:0
end_of_record
TN:
SF:src/pages/registrant/DashboardPage.tsx
FN:7,DashboardPage
FN:15,(anonymous_1)
FN:32,(anonymous_2)
FNF:3
FNH:0
FNDA:0,DashboardPage
FNDA:0,(anonymous_1)
FNDA:0,(anonymous_2)
DA:1,0
DA:2,0
DA:3,0
DA:4,0
DA:5,0
DA:8,0
DA:10,0
DA:15,0
DA:17,0
DA:18,0
DA:19,0
DA:20,0
DA:22,0
DA:23,0
DA:24,0
DA:32,0
DA:34,0
DA:102,0
LF:18
LH:0
BRDA:10,0,0,0
BRDA:18,1,0,0
BRDA:18,1,1,0
BRDA:22,2,0,0
BRDA:22,2,1,0
BRDA:59,3,0,0
BRDA:59,3,1,0
BRF:7
BRH:0
end_of_record
TN:
SF:src/pages/registrant/MyRegistrationsPage.tsx
FN:12,MyRegistrationsPage
FN:31,(anonymous_8)
FN:33,(anonymous_9)
FN:34,(anonymous_10)
FN:38,(anonymous_11)
FN:43,(anonymous_12)
FN:44,(anonymous_13)
FN:48,(anonymous_14)
FN:54,(anonymous_15)
FN:60,(anonymous_16)
FN:60,(anonymous_17)
FN:72,(anonymous_18)
FN:80,(anonymous_19)
FN:90,(anonymous_20)
FN:90,(anonymous_21)
FN:128,(anonymous_22)
FN:154,(anonymous_23)
FNF:17
FNH:0
FNDA:0,MyRegistrationsPage
FNDA:0,(anonymous_8)
FNDA:0,(anonymous_9)
FNDA:0,(anonymous_10)
FNDA:0,(anonymous_11)
FNDA:0,(anonymous_12)
FNDA:0,(anonymous_13)
FNDA:0,(anonymous_14)
FNDA:0,(anonymous_15)
FNDA:0,(anonymous_16)
FNDA:0,(anonymous_17)
FNDA:0,(anonymous_18)
FNDA:0,(anonymous_19)
FNDA:0,(anonymous_20)
FNDA:0,(anonymous_21)
FNDA:0,(anonymous_22)
FNDA:0,(anonymous_23)
DA:2,0
DA:3,0
DA:4,0
DA:5,0
DA:6,0
DA:7,0
DA:8,0
DA:9,0
DA:10,0
DA:14,0
DA:15,0
DA:18,0
DA:23,0
DA:28,0
DA:31,0
DA:32,0
DA:33,0
DA:34,0
DA:38,0
DA:42,0
DA:43,0
DA:45,0
DA:46,0
DA:49,0
DA:54,0
DA:55,0
DA:56,0
DA:60,0
DA:61,0
DA:62,0
DA:63,0
DA:65,0
DA:73,0
DA:74,0
DA:79,0
DA:80,0
DA:81,0
DA:83,0
DA:85,0
DA:90,0
DA:91,0
DA:92,0
DA:93,0
DA:94,0
DA:96,0
DA:100,0
DA:129,0
DA:154,0
DA:170,0
LF:49
LH:0
BRDA:18,0,0,0
BRDA:23,1,0,0
BRDA:28,2,0,0
BRDA:28,2,1,0
BRDA:32,3,0,0
BRDA:32,3,1,0
BRDA:32,4,0,0
BRDA:32,4,1,0
BRDA:55,5,0,0
BRDA:55,5,1,0
BRDA:120,6,0,0
BRDA:120,6,1,0
BRDA:122,7,0,0
BRDA:122,7,1,0
BRDA:129,8,0,0
BRDA:129,8,1,0
BRDA:148,9,0,0
BRDA:148,9,1,0
BRF:18
BRH:0
end_of_record
TN:
SF:src/pages/registrant/RegistrantLayout.tsx
FN:3,RegistrantLayout
FN:10,(anonymous_1)
FN:21,(anonymous_2)
FNF:3
FNH:0
FNDA:0,RegistrantLayout
FNDA:0,(anonymous_1)
FNDA:0,(anonymous_2)
DA:1,0
DA:3,0
DA:4,0
DA:11,0
DA:22,0
LF:5
LH:0
BRDA:13,0,0,0
BRDA:13,0,1,0
BRDA:24,1,0,0
BRDA:24,1,1,0
BRF:4
BRH:0
end_of_record
